In file included from containers.h:5,
                 from vector_test.cc:6:
vector.h: In instantiation of 'containers::Vector<T, Allocator>::~Vector() [with T = int; Allocator = std::allocator<int>]':
vector_test.cc:9:45:   required from here
vector.h:68:32: error: no matching function for call to 'std::allocator_traits<std::allocator<int> >::destroy(std::allocator<int>&, containers::Iterator<int, false>&)'
   68 |                 traits::destroy(alloc_, itr);
      |                 ~~~~~~~~~~~~~~~^~~~~~~~~~~~~
In file included from /usr/local/include/c++/10.3.0/ext/alloc_traits.h:34,
                 from /usr/local/include/c++/10.3.0/bits/stl_uninitialized.h:67,
                 from /usr/local/include/c++/10.3.0/memory:66,
                 from /usr/local/include/gtest/gtest.h:54,
                 from vector_test.cc:1:
/usr/local/include/c++/10.3.0/bits/alloc_traits.h:527:2: note: candidate: 'template<class _Up> static void std::allocator_traits<std::allocator<_Tp1> >::destroy(std::allocator_traits<std::allocator<_Tp1> >::allocator_type&, _Up*) [with _Up = _Up; _Tp = int]'
  527 |  destroy(allocator_type& __a __attribute__((__unused__)), _Up* __p)
      |  ^~~~~~~
/usr/local/include/c++/10.3.0/bits/alloc_traits.h:527:2: note:   template argument deduction/substitution failed:
In file included from containers.h:5,
                 from vector_test.cc:6:
vector.h:68:32: note:   mismatched types '_Up*' and 'containers::Iterator<int, false>'
   68 |                 traits::destroy(alloc_, itr);
      |                 ~~~~~~~~~~~~~~~^~~~~~~~~~~~~
vector.h: In instantiation of 'T& containers::Vector<T, Allocator>::at(containers::Vector<T, Allocator>::size_type) [with T = int; Allocator = std::allocator<int>; containers::Vector<T, Allocator>::reference = int&; containers::Vector<T, Allocator>::size_type = long unsigned int]':
vector_test.cc:11:3:   required from here
vector.h:96:20: error: invalid type argument of unary '*' (have 'int')
   96 |             return *(begin() + pos);
      |                    ^~~~~~~~~~~~~~~~
vector.h: In instantiation of 'containers::Vector<T, Allocator>::size_type containers::Vector<T, Allocator>::size() const [with T = int; Allocator = std::allocator<int>; containers::Vector<T, Allocator>::size_type = long unsigned int]':
vector_test.cc:21:3:   required from here
vector.h:165:39: error: passing 'const containers::Vector<int>' as 'this' argument discards qualifiers [-fpermissive]
  165 |             return std::distance(begin(), end());
      |                                  ~~~~~^~
vector.h:138:18: note:   in call to 'containers::Vector<T, Allocator>::iterator containers::Vector<T, Allocator>::begin() [with T = int; Allocator = std::allocator<int>; containers::Vector<T, Allocator>::iterator = containers::Iterator<int, false>]'
  138 |         iterator begin() noexcept {
      |                  ^~~~~
vector.h:165:46: error: passing 'const containers::Vector<int>' as 'this' argument discards qualifiers [-fpermissive]
  165 |             return std::distance(begin(), end());
      |                                           ~~~^~
vector.h:146:18: note:   in call to 'containers::Vector<T, Allocator>::iterator containers::Vector<T, Allocator>::end() [with T = int; Allocator = std::allocator<int>; containers::Vector<T, Allocator>::iterator = containers::Iterator<int, false>]'
  146 |         iterator end() noexcept {
      |                  ^~~
vector.h:165:33: error: no matching function for call to 'distance(containers::Vector<int>::iterator, containers::Vector<int>::iterator)'
  165 |             return std::distance(begin(), end());
      |                    ~~~~~~~~~~~~~^~~~~~~~~~~~~~~~
In file included from /usr/local/include/c++/10.3.0/bits/stl_algobase.h:66,
                 from /usr/local/include/c++/10.3.0/memory:63,
                 from /usr/local/include/gtest/gtest.h:54,
                 from vector_test.cc:1:
/usr/local/include/c++/10.3.0/bits/stl_iterator_base_funcs.h:138:5: note: candidate: 'template<class _InputIterator> constexpr typename std::iterator_traits< <template-parameter-1-1> >::difference_type std::distance(_InputIterator, _InputIterator)'
  138 |     distance(_InputIterator __first, _InputIterator __last)
      |     ^~~~~~~~
/usr/local/include/c++/10.3.0/bits/stl_iterator_base_funcs.h:138:5: note:   template argument deduction/substitution failed:
/usr/local/include/c++/10.3.0/bits/stl_iterator_base_funcs.h: In substitution of 'template<class _InputIterator> constexpr typename std::iterator_traits< <template-parameter-1-1> >::difference_type std::distance(_InputIterator, _InputIterator) [with _InputIterator = containers::Iterator<int, false>]':
vector.h:165:33:   required from 'containers::Vector<T, Allocator>::size_type containers::Vector<T, Allocator>::size() const [with T = int; Allocator = std::allocator<int>; containers::Vector<T, Allocator>::size_type = long unsigned int]'
vector_test.cc:21:3:   required from here
/usr/local/include/c++/10.3.0/bits/stl_iterator_base_funcs.h:138:5: error: no type named 'difference_type' in 'struct std::iterator_traits<containers::Iterator<int, false> >'
In file included from containers.h:5,
                 from vector_test.cc:6:
vector.h: In instantiation of 'containers::Vector<T, Allocator>::Vector(const containers::Vector<T, Allocator>&) [with T = int; Allocator = std::allocator<int>]':
vector_test.cc:27:31:   required from here
vector.h:49:38: error: passing 'const containers::Vector<int>' as 'this' argument discards qualifiers [-fpermissive]
   49 |             for (auto itr_v = v.begin(), itr = begin(); itr_v != v.end(); ++itr_v, ++itr) {
      |                               ~~~~~~~^~
vector.h:138:18: note:   in call to 'containers::Vector<T, Allocator>::iterator containers::Vector<T, Allocator>::begin() [with T = int; Allocator = std::allocator<int>; containers::Vector<T, Allocator>::iterator = containers::Iterator<int, false>]'
  138 |         iterator begin() noexcept {
      |                  ^~~~~
vector.h:49:71: error: passing 'const containers::Vector<int>' as 'this' argument discards qualifiers [-fpermissive]
   49 |             for (auto itr_v = v.begin(), itr = begin(); itr_v != v.end(); ++itr_v, ++itr) {
      |                                                                  ~~~~~^~
vector.h:146:18: note:   in call to 'containers::Vector<T, Allocator>::iterator containers::Vector<T, Allocator>::end() [with T = int; Allocator = std::allocator<int>; containers::Vector<T, Allocator>::iterator = containers::Iterator<int, false>]'
  146 |         iterator end() noexcept {
      |                  ^~~
vector.h: In instantiation of 'containers::Vector<T, Allocator>::Vector(containers::Vector<T, Allocator>&&) [with T = int; Allocator = std::allocator<int>]':
vector_test.cc:41:42:   required from here
vector.h:56:15: error: 'class containers::Vector<int>' has no member named 'array_'; did you mean 'arr_'?
   56 |             v.array_ = nullptr;
      |             ~~^~~~~~
      |             arr_
vector.h: In instantiation of 'containers::Vector<T, Allocator>::~Vector() [with T = std::__cxx11::basic_string<char>; Allocator = std::allocator<std::__cxx11::basic_string<char> >]':
vector_test.cc:61:63:   required from here
vector.h:68:32: error: no matching function for call to 'std::allocator_traits<std::allocator<std::__cxx11::basic_string<char> > >::destroy(std::allocator<std::__cxx11::basic_string<char> >&, containers::Iterator<std::__cxx11::basic_string<char>, false>&)'
   68 |                 traits::destroy(alloc_, itr);
      |                 ~~~~~~~~~~~~~~~^~~~~~~~~~~~~
In file included from /usr/local/include/c++/10.3.0/ext/alloc_traits.h:34,
                 from /usr/local/include/c++/10.3.0/bits/stl_uninitialized.h:67,
                 from /usr/local/include/c++/10.3.0/memory:66,
                 from /usr/local/include/gtest/gtest.h:54,
                 from vector_test.cc:1:
/usr/local/include/c++/10.3.0/bits/alloc_traits.h:527:2: note: candidate: 'template<class _Up> static void std::allocator_traits<std::allocator<_Tp1> >::destroy(std::allocator_traits<std::allocator<_Tp1> >::allocator_type&, _Up*) [with _Up = _Up; _Tp = std::__cxx11::basic_string<char>]'
  527 |  destroy(allocator_type& __a __attribute__((__unused__)), _Up* __p)
      |  ^~~~~~~
/usr/local/include/c++/10.3.0/bits/alloc_traits.h:527:2: note:   template argument deduction/substitution failed:
In file included from containers.h:5,
                 from vector_test.cc:6:
vector.h:68:32: note:   mismatched types '_Up*' and 'containers::Iterator<std::__cxx11::basic_string<char>, false>'
   68 |                 traits::destroy(alloc_, itr);
      |                 ~~~~~~~~~~~~~~~^~~~~~~~~~~~~
vector.h: In instantiation of 'containers::Vector<T, Allocator>::Vector(containers::Vector<T, Allocator>&&) [with T = std::__cxx11::basic_string<char>; Allocator = std::allocator<std::__cxx11::basic_string<char> >]':
vector_test.cc:62:50:   required from here
vector.h:56:15: error: 'class containers::Vector<std::__cxx11::basic_string<char> >' has no member named 'array_'; did you mean 'arr_'?
   56 |             v.array_ = nullptr;
      |             ~~^~~~~~
      |             arr_
vector.h: In instantiation of 'containers::Vector<T, Allocator>::size_type containers::Vector<T, Allocator>::size() const [with T = std::__cxx11::basic_string<char>; Allocator = std::allocator<std::__cxx11::basic_string<char> >; containers::Vector<T, Allocator>::size_type = long unsigned int]':
vector_test.cc:66:3:   required from here
vector.h:165:39: error: passing 'const containers::Vector<std::__cxx11::basic_string<char> >' as 'this' argument discards qualifiers [-fpermissive]
  165 |             return std::distance(begin(), end());
      |                                  ~~~~~^~
vector.h:138:18: note:   in call to 'containers::Vector<T, Allocator>::iterator containers::Vector<T, Allocator>::begin() [with T = std::__cxx11::basic_string<char>; Allocator = std::allocator<std::__cxx11::basic_string<char> >; containers::Vector<T, Allocator>::iterator = containers::Iterator<std::__cxx11::basic_string<char>, false>]'
  138 |         iterator begin() noexcept {
      |                  ^~~~~
vector.h:165:46: error: passing 'const containers::Vector<std::__cxx11::basic_string<char> >' as 'this' argument discards qualifiers [-fpermissive]
  165 |             return std::distance(begin(), end());
      |                                           ~~~^~
vector.h:146:18: note:   in call to 'containers::Vector<T, Allocator>::iterator containers::Vector<T, Allocator>::end() [with T = std::__cxx11::basic_string<char>; Allocator = std::allocator<std::__cxx11::basic_string<char> >; containers::Vector<T, Allocator>::iterator = containers::Iterator<std::__cxx11::basic_string<char>, false>]'
  146 |         iterator end() noexcept {
      |                  ^~~
vector.h:165:33: error: no matching function for call to 'distance(containers::Vector<std::__cxx11::basic_string<char> >::iterator, containers::Vector<std::__cxx11::basic_string<char> >::iterator)'
  165 |             return std::distance(begin(), end());
      |                    ~~~~~~~~~~~~~^~~~~~~~~~~~~~~~
In file included from /usr/local/include/c++/10.3.0/bits/stl_algobase.h:66,
                 from /usr/local/include/c++/10.3.0/memory:63,
                 from /usr/local/include/gtest/gtest.h:54,
                 from vector_test.cc:1:
/usr/local/include/c++/10.3.0/bits/stl_iterator_base_funcs.h:138:5: note: candidate: 'template<class _InputIterator> constexpr typename std::iterator_traits< <template-parameter-1-1> >::difference_type std::distance(_InputIterator, _InputIterator)'
  138 |     distance(_InputIterator __first, _InputIterator __last)
      |     ^~~~~~~~
/usr/local/include/c++/10.3.0/bits/stl_iterator_base_funcs.h:138:5: note:   template argument deduction/substitution failed:
/usr/local/include/c++/10.3.0/bits/stl_iterator_base_funcs.h: In substitution of 'template<class _InputIterator> constexpr typename std::iterator_traits< <template-parameter-1-1> >::difference_type std::distance(_InputIterator, _InputIterator) [with _InputIterator = containers::Iterator<std::__cxx11::basic_string<char>, false>]':
vector.h:165:33:   required from 'containers::Vector<T, Allocator>::size_type containers::Vector<T, Allocator>::size() const [with T = std::__cxx11::basic_string<char>; Allocator = std::allocator<std::__cxx11::basic_string<char> >; containers::Vector<T, Allocator>::size_type = long unsigned int]'
vector_test.cc:66:3:   required from here
/usr/local/include/c++/10.3.0/bits/stl_iterator_base_funcs.h:138:5: error: no type named 'difference_type' in 'struct std::iterator_traits<containers::Iterator<std::__cxx11::basic_string<char>, false> >'
In file included from containers.h:5,
                 from vector_test.cc:6:
vector.h: In instantiation of 'containers::Vector<T, Allocator>::Vector(const containers::Vector<T, Allocator>&) [with T = std::__cxx11::basic_string<char>; Allocator = std::allocator<std::__cxx11::basic_string<char> >]':
vector_test.cc:77:39:   required from here
vector.h:49:38: error: passing 'const containers::Vector<std::__cxx11::basic_string<char> >' as 'this' argument discards qualifiers [-fpermissive]
   49 |             for (auto itr_v = v.begin(), itr = begin(); itr_v != v.end(); ++itr_v, ++itr) {
      |                               ~~~~~~~^~
vector.h:138:18: note:   in call to 'containers::Vector<T, Allocator>::iterator containers::Vector<T, Allocator>::begin() [with T = std::__cxx11::basic_string<char>; Allocator = std::allocator<std::__cxx11::basic_string<char> >; containers::Vector<T, Allocator>::iterator = containers::Iterator<std::__cxx11::basic_string<char>, false>]'
  138 |         iterator begin() noexcept {
      |                  ^~~~~
vector.h:49:71: error: passing 'const containers::Vector<std::__cxx11::basic_string<char> >' as 'this' argument discards qualifiers [-fpermissive]
   49 |             for (auto itr_v = v.begin(), itr = begin(); itr_v != v.end(); ++itr_v, ++itr) {
      |                                                                  ~~~~~^~
vector.h:146:18: note:   in call to 'containers::Vector<T, Allocator>::iterator containers::Vector<T, Allocator>::end() [with T = std::__cxx11::basic_string<char>; Allocator = std::allocator<std::__cxx11::basic_string<char> >; containers::Vector<T, Allocator>::iterator = containers::Iterator<std::__cxx11::basic_string<char>, false>]'
  146 |         iterator end() noexcept {
      |                  ^~~
vector.h: In instantiation of 'containers::Vector<T, Allocator>::iterator containers::Vector<T, Allocator>::insert(containers::Vector<T, Allocator>::iterator, containers::Vector<T, Allocator>::const_reference) [with T = int; Allocator = std::allocator<int>; containers::Vector<T, Allocator>::iterator = containers::Iterator<int, false>; containers::Vector<T, Allocator>::const_reference = const int&]':
vector_test.cc:123:19:   required from here
vector.h:254:40: error: no matching function for call to 'uninitialized_fill(containers::Vector<int>::iterator&, const int&)'
  254 |                 std::uninitialized_fill(inserted, value);
      |                 ~~~~~~~~~~~~~~~~~~~~~~~^~~~~~~~~~~~~~~~~
In file included from /usr/local/include/c++/10.3.0/memory:66,
                 from /usr/local/include/gtest/gtest.h:54,
                 from vector_test.cc:1:
/usr/local/include/c++/10.3.0/bits/stl_uninitialized.h:200:5: note: candidate: 'template<class _ForwardIterator, class _Tp> void std::uninitialized_fill(_ForwardIterator, _ForwardIterator, const _Tp&)'
  200 |     uninitialized_fill(_ForwardIterator __first, _ForwardIterator __last,
      |     ^~~~~~~~~~~~~~~~~~
/usr/local/include/c++/10.3.0/bits/stl_uninitialized.h:200:5: note:   template argument deduction/substitution failed:
In file included from containers.h:5,
                 from vector_test.cc:6:
vector.h:254:40: note:   deduced conflicting types for parameter '_ForwardIterator' ('containers::Iterator<int, false>' and 'int')
  254 |                 std::uninitialized_fill(inserted, value);
      |                 ~~~~~~~~~~~~~~~~~~~~~~~^~~~~~~~~~~~~~~~~
In file included from /usr/local/include/c++/10.3.0/memory:422,
                 from /usr/local/include/gtest/gtest.h:54,
                 from vector_test.cc:1:
/usr/local/include/c++/10.3.0/pstl/glue_memory_defs.h:42:1: note: candidate: 'template<class _ExecutionPolicy, class _ForwardIterator, class _Tp> __pstl::__internal::__enable_if_execution_policy<_ExecutionPolicy, void> std::uninitialized_fill(_ExecutionPolicy&&, _ForwardIterator, _ForwardIterator, const _Tp&)'
   42 | uninitialized_fill(_ExecutionPolicy&& __exec, _ForwardIterator __first, _ForwardIterator __last, const _Tp& __value);
      | ^~~~~~~~~~~~~~~~~~
/usr/local/include/c++/10.3.0/pstl/glue_memory_defs.h:42:1: note:   template argument deduction/substitution failed:
In file included from containers.h:5,
                 from vector_test.cc:6:
vector.h:254:40: note:   candidate expects 4 arguments, 2 provided
  254 |                 std::uninitialized_fill(inserted, value);
      |                 ~~~~~~~~~~~~~~~~~~~~~~~^~~~~~~~~~~~~~~~~
vector.h:257:35: error: no matching function for call to 'std::allocator_traits<std::allocator<int> >::deallocate(std::allocator<int>&, int*&)'
  257 |                 traits::deallocate(alloc_, new_arr);
      |                 ~~~~~~~~~~~~~~~~~~^~~~~~~~~~~~~~~~~
In file included from /usr/local/include/c++/10.3.0/ext/alloc_traits.h:34,
                 from /usr/local/include/c++/10.3.0/bits/stl_uninitialized.h:67,
                 from /usr/local/include/c++/10.3.0/memory:66,
                 from /usr/local/include/gtest/gtest.h:54,
                 from vector_test.cc:1:
/usr/local/include/c++/10.3.0/bits/alloc_traits.h:491:7: note: candidate: 'static void std::allocator_traits<std::allocator<_Tp1> >::deallocate(std::allocator_traits<std::allocator<_Tp1> >::allocator_type&, std::allocator_traits<std::allocator<_Tp1> >::pointer, std::allocator_traits<std::allocator<_Tp1> >::size_type) [with _Tp = int; std::allocator_traits<std::allocator<_Tp1> >::allocator_type = std::allocator<int>; std::allocator_traits<std::allocator<_Tp1> >::pointer = int*; std::allocator_traits<std::allocator<_Tp1> >::size_type = long unsigned int]'
  491 |       deallocate(allocator_type& __a, pointer __p, size_type __n)
      |       ^~~~~~~~~~
/usr/local/include/c++/10.3.0/bits/alloc_traits.h:491:7: note:   candidate expects 3 arguments, 2 provided
In file included from containers.h:5,
                 from vector_test.cc:6:
vector.h:261:32: error: no matching function for call to 'std::allocator_traits<std::allocator<int> >::destroy(std::allocator<int>&, int*&, containers::Iterator<int, false>&)'
  261 |                 traits::destroy(alloc_, arr_, it);
      |                 ~~~~~~~~~~~~~~~^~~~~~~~~~~~~~~~~~
In file included from /usr/local/include/c++/10.3.0/ext/alloc_traits.h:34,
                 from /usr/local/include/c++/10.3.0/bits/stl_uninitialized.h:67,
                 from /usr/local/include/c++/10.3.0/memory:66,
                 from /usr/local/include/gtest/gtest.h:54,
                 from vector_test.cc:1:
/usr/local/include/c++/10.3.0/bits/alloc_traits.h:527:2: note: candidate: 'template<class _Up> static void std::allocator_traits<std::allocator<_Tp1> >::destroy(std::allocator_traits<std::allocator<_Tp1> >::allocator_type&, _Up*) [with _Up = _Up; _Tp = int]'
  527 |  destroy(allocator_type& __a __attribute__((__unused__)), _Up* __p)
      |  ^~~~~~~
/usr/local/include/c++/10.3.0/bits/alloc_traits.h:527:2: note:   template argument deduction/substitution failed:
In file included from containers.h:5,
                 from vector_test.cc:6:
vector.h:261:32: note:   candidate expects 2 arguments, 3 provided
  261 |                 traits::destroy(alloc_, arr_, it);
      |                 ~~~~~~~~~~~~~~~^~~~~~~~~~~~~~~~~~
vector.h: In instantiation of 'void containers::Vector<T, Allocator>::push_back(containers::Vector<T, Allocator>::const_reference) [with T = int; Allocator = std::allocator<int>; containers::Vector<T, Allocator>::const_reference = const int&]':
vector_test.cc:154:16:   required from here
vector.h:305:43: error: no matching function for call to 'std::allocator_traits<std::allocator<int> >::allocate(containers::Vector<int>::size_type)'
  305 |                 new_arr = traits::allocate(capacity_ * 2);
      |                           ~~~~~~~~~~~~~~~~^~~~~~~~~~~~~~~
In file included from /usr/local/include/c++/10.3.0/ext/alloc_traits.h:34,
                 from /usr/local/include/c++/10.3.0/bits/stl_uninitialized.h:67,
                 from /usr/local/include/c++/10.3.0/memory:66,
                 from /usr/local/include/gtest/gtest.h:54,
                 from vector_test.cc:1:
/usr/local/include/c++/10.3.0/bits/alloc_traits.h:459:7: note: candidate: 'static _Tp* std::allocator_traits<std::allocator<_Tp1> >::allocate(std::allocator_traits<std::allocator<_Tp1> >::allocator_type&, std::allocator_traits<std::allocator<_Tp1> >::size_type) [with _Tp = int; std::allocator_traits<std::allocator<_Tp1> >::pointer = int*; std::allocator_traits<std::allocator<_Tp1> >::allocator_type = std::allocator<int>; std::allocator_traits<std::allocator<_Tp1> >::size_type = long unsigned int]'
  459 |       allocate(allocator_type& __a, size_type __n)
      |       ^~~~~~~~
/usr/local/include/c++/10.3.0/bits/alloc_traits.h:459:7: note:   candidate expects 2 arguments, 1 provided
/usr/local/include/c++/10.3.0/bits/alloc_traits.h:473:7: note: candidate: 'static _Tp* std::allocator_traits<std::allocator<_Tp1> >::allocate(std::allocator_traits<std::allocator<_Tp1> >::allocator_type&, std::allocator_traits<std::allocator<_Tp1> >::size_type, std::allocator_traits<std::allocator<_Tp1> >::const_void_pointer) [with _Tp = int; std::allocator_traits<std::allocator<_Tp1> >::pointer = int*; std::allocator_traits<std::allocator<_Tp1> >::allocator_type = std::allocator<int>; std::allocator_traits<std::allocator<_Tp1> >::size_type = long unsigned int; std::allocator_traits<std::allocator<_Tp1> >::const_void_pointer = const void*]'
  473 |       allocate(allocator_type& __a, size_type __n, const_void_pointer __hint)
      |       ^~~~~~~~
/usr/local/include/c++/10.3.0/bits/alloc_traits.h:473:7: note:   candidate expects 3 arguments, 1 provided
In file included from containers.h:5,
                 from vector_test.cc:6:
vector.h:307:39: error: invalid use of member function 'containers::Vector<T, Allocator>::size_type containers::Vector<T, Allocator>::size() const [with T = int; Allocator = std::allocator<int>; containers::Vector<T, Allocator>::size_type = long unsigned int]' (did you forget the '()' ?)
  307 |             for (size_type i = 0; i < size; ++i) {
      |                                       ^~~~
      |                                           ()
vector.h:308:57: error: use of deleted function 'const _Tp* std::addressof(const _Tp&&) [with _Tp = int*]'
  308 |                 traits::construct(alloc_, std::addressof(new_arr + i), std::move_if_noexcept(value));
      |                                           ~~~~~~~~~~~~~~^~~~~~~~~~~~~
In file included from /usr/local/include/c++/10.3.0/bits/stl_pair.h:59,
                 from /usr/local/include/c++/10.3.0/bits/stl_algobase.h:64,
                 from /usr/local/include/c++/10.3.0/memory:63,
                 from /usr/local/include/gtest/gtest.h:54,
                 from vector_test.cc:1:
/usr/local/include/c++/10.3.0/bits/move.h:146:16: note: declared here
  146 |     const _Tp* addressof(const _Tp&&) = delete;
      |                ^~~~~~~~~
In file included from containers.h:5,
                 from vector_test.cc:6:
vector.h:312:31: error: no matching function for call to 'std::allocator_traits<std::allocator<int> >::deallocate(int*&, containers::Vector<int>::size_type&)'
  312 |             traits::deallocate(arr_, size_);
      |             ~~~~~~~~~~~~~~~~~~^~~~~~~~~~~~~
In file included from /usr/local/include/c++/10.3.0/ext/alloc_traits.h:34,
                 from /usr/local/include/c++/10.3.0/bits/stl_uninitialized.h:67,
                 from /usr/local/include/c++/10.3.0/memory:66,
                 from /usr/local/include/gtest/gtest.h:54,
                 from vector_test.cc:1:
/usr/local/include/c++/10.3.0/bits/alloc_traits.h:491:7: note: candidate: 'static void std::allocator_traits<std::allocator<_Tp1> >::deallocate(std::allocator_traits<std::allocator<_Tp1> >::allocator_type&, std::allocator_traits<std::allocator<_Tp1> >::pointer, std::allocator_traits<std::allocator<_Tp1> >::size_type) [with _Tp = int; std::allocator_traits<std::allocator<_Tp1> >::allocator_type = std::allocator<int>; std::allocator_traits<std::allocator<_Tp1> >::pointer = int*; std::allocator_traits<std::allocator<_Tp1> >::size_type = long unsigned int]'
  491 |       deallocate(allocator_type& __a, pointer __p, size_type __n)
      |       ^~~~~~~~~~
/usr/local/include/c++/10.3.0/bits/alloc_traits.h:491:7: note:   candidate expects 3 arguments, 2 provided
In file included from containers.h:5,
                 from vector_test.cc:6:
vector.h: In instantiation of 'containers::Vector<T, Allocator>::iterator containers::Vector<T, Allocator>::insert(containers::Vector<T, Allocator>::iterator, containers::Vector<T, Allocator>::const_reference) [with T = std::__cxx11::basic_string<char>; Allocator = std::allocator<std::__cxx11::basic_string<char> >; containers::Vector<T, Allocator>::iterator = containers::Iterator<std::__cxx11::basic_string<char>, false>; containers::Vector<T, Allocator>::const_reference = const std::__cxx11::basic_string<char>&]':
vector_test.cc:230:19:   required from here
vector.h:254:40: error: no matching function for call to 'uninitialized_fill(containers::Vector<std::__cxx11::basic_string<char> >::iterator&, const std::__cxx11::basic_string<char>&)'
  254 |                 std::uninitialized_fill(inserted, value);
      |                 ~~~~~~~~~~~~~~~~~~~~~~~^~~~~~~~~~~~~~~~~
In file included from /usr/local/include/c++/10.3.0/memory:66,
                 from /usr/local/include/gtest/gtest.h:54,
                 from vector_test.cc:1:
/usr/local/include/c++/10.3.0/bits/stl_uninitialized.h:200:5: note: candidate: 'template<class _ForwardIterator, class _Tp> void std::uninitialized_fill(_ForwardIterator, _ForwardIterator, const _Tp&)'
  200 |     uninitialized_fill(_ForwardIterator __first, _ForwardIterator __last,
      |     ^~~~~~~~~~~~~~~~~~
/usr/local/include/c++/10.3.0/bits/stl_uninitialized.h:200:5: note:   template argument deduction/substitution failed:
In file included from containers.h:5,
                 from vector_test.cc:6:
vector.h:254:40: note:   deduced conflicting types for parameter '_ForwardIterator' ('containers::Iterator<std::__cxx11::basic_string<char>, false>' and 'std::__cxx11::basic_string<char>')
  254 |                 std::uninitialized_fill(inserted, value);
      |                 ~~~~~~~~~~~~~~~~~~~~~~~^~~~~~~~~~~~~~~~~
In file included from /usr/local/include/c++/10.3.0/memory:422,
                 from /usr/local/include/gtest/gtest.h:54,
                 from vector_test.cc:1:
/usr/local/include/c++/10.3.0/pstl/glue_memory_defs.h:42:1: note: candidate: 'template<class _ExecutionPolicy, class _ForwardIterator, class _Tp> __pstl::__internal::__enable_if_execution_policy<_ExecutionPolicy, void> std::uninitialized_fill(_ExecutionPolicy&&, _ForwardIterator, _ForwardIterator, const _Tp&)'
   42 | uninitialized_fill(_ExecutionPolicy&& __exec, _ForwardIterator __first, _ForwardIterator __last, const _Tp& __value);
      | ^~~~~~~~~~~~~~~~~~
/usr/local/include/c++/10.3.0/pstl/glue_memory_defs.h:42:1: note:   template argument deduction/substitution failed:
In file included from containers.h:5,
                 from vector_test.cc:6:
vector.h:254:40: note:   candidate expects 4 arguments, 2 provided
  254 |                 std::uninitialized_fill(inserted, value);
      |                 ~~~~~~~~~~~~~~~~~~~~~~~^~~~~~~~~~~~~~~~~
vector.h:255:61: error: no match for 'operator+' (operand types are 'containers::Vector<std::__cxx11::basic_string<char> >::pointer' {aka 'std::__cxx11::basic_string<char>*'} and 'std::__cxx11::basic_string<char>')
  255 |                 std::uninitialized_copy(pos, end(), new_arr + *pos);
      |                                                     ~~~~~~~~^~~~~~
In file included from /usr/local/include/c++/10.3.0/bits/stl_algobase.h:67,
                 from /usr/local/include/c++/10.3.0/memory:63,
                 from /usr/local/include/gtest/gtest.h:54,
                 from vector_test.cc:1:
/usr/local/include/c++/10.3.0/bits/stl_iterator.h:533:5: note: candidate: 'template<class _Iterator> constexpr std::reverse_iterator<_Iterator> std::operator+(typename std::reverse_iterator<_Iterator>::difference_type, const std::reverse_iterator<_Iterator>&)'
  533 |     operator+(typename reverse_iterator<_Iterator>::difference_type __n,
      |     ^~~~~~~~
/usr/local/include/c++/10.3.0/bits/stl_iterator.h:533:5: note:   template argument deduction/substitution failed:
In file included from containers.h:5,
                 from vector_test.cc:6:
vector.h:255:61: note:   'std::__cxx11::basic_string<char>' is not derived from 'const std::reverse_iterator<_Iterator>'
  255 |                 std::uninitialized_copy(pos, end(), new_arr + *pos);
      |                                                     ~~~~~~~~^~~~~~
In file included from /usr/local/include/c++/10.3.0/bits/stl_algobase.h:67,
                 from /usr/local/include/c++/10.3.0/memory:63,
                 from /usr/local/include/gtest/gtest.h:54,
                 from vector_test.cc:1:
/usr/local/include/c++/10.3.0/bits/stl_iterator.h:1578:5: note: candidate: 'template<class _Iterator> constexpr std::move_iterator<_IteratorL> std::operator+(typename std::move_iterator<_IteratorL>::difference_type, const std::move_iterator<_IteratorL>&)'
 1578 |     operator+(typename move_iterator<_Iterator>::difference_type __n,
      |     ^~~~~~~~
/usr/local/include/c++/10.3.0/bits/stl_iterator.h:1578:5: note:   template argument deduction/substitution failed:
In file included from containers.h:5,
                 from vector_test.cc:6:
vector.h:255:61: note:   'std::__cxx11::basic_string<char>' is not derived from 'const std::move_iterator<_IteratorL>'
  255 |                 std::uninitialized_copy(pos, end(), new_arr + *pos);
      |                                                     ~~~~~~~~^~~~~~
In file included from /usr/local/include/c++/10.3.0/string:55,
                 from /usr/local/include/c++/10.3.0/bits/locale_classes.h:40,
                 from /usr/local/include/c++/10.3.0/bits/ios_base.h:41,
                 from /usr/local/include/c++/10.3.0/ios:42,
                 from /usr/local/include/c++/10.3.0/ostream:38,
                 from /usr/local/include/gtest/gtest.h:55,
                 from vector_test.cc:1:
/usr/local/include/c++/10.3.0/bits/basic_string.h:6032:5: note: candidate: 'template<class _CharT, class _Traits, class _Alloc> std::__cxx11::basic_string<_CharT, _Traits, _Allocator> std::operator+(const std::__cxx11::basic_string<_CharT, _Traits, _Allocator>&, const std::__cxx11::basic_string<_CharT, _Traits, _Allocator>&)'
 6032 |     operator+(const basic_string<_CharT, _Traits, _Alloc>& __lhs,
      |     ^~~~~~~~
/usr/local/include/c++/10.3.0/bits/basic_string.h:6032:5: note:   template argument deduction/substitution failed:
In file included from containers.h:5,
                 from vector_test.cc:6:
vector.h:255:61: note:   mismatched types 'const std::__cxx11::basic_string<_CharT, _Traits, _Allocator>' and 'containers::Vector<std::__cxx11::basic_string<char> >::pointer' {aka 'std::__cxx11::basic_string<char>*'}
  255 |                 std::uninitialized_copy(pos, end(), new_arr + *pos);
      |                                                     ~~~~~~~~^~~~~~
In file included from /usr/local/include/c++/10.3.0/string:56,
                 from /usr/local/include/c++/10.3.0/bits/locale_classes.h:40,
                 from /usr/local/include/c++/10.3.0/bits/ios_base.h:41,
                 from /usr/local/include/c++/10.3.0/ios:42,
                 from /usr/local/include/c++/10.3.0/ostream:38,
                 from /usr/local/include/gtest/gtest.h:55,
                 from vector_test.cc:1:
/usr/local/include/c++/10.3.0/bits/basic_string.tcc:1152:5: note: candidate: 'template<class _CharT, class _Traits, class _Alloc> std::__cxx11::basic_string<_CharT, _Traits, _Allocator> std::operator+(const _CharT*, const std::__cxx11::basic_string<_CharT, _Traits, _Allocator>&)'
 1152 |     operator+(const _CharT* __lhs,
      |     ^~~~~~~~
/usr/local/include/c++/10.3.0/bits/basic_string.tcc:1152:5: note:   template argument deduction/substitution failed:
In file included from containers.h:5,
                 from vector_test.cc:6:
vector.h:255:61: note:   deduced conflicting types for parameter '_CharT' ('std::__cxx11::basic_string<char>' and 'char')
  255 |                 std::uninitialized_copy(pos, end(), new_arr + *pos);
      |                                                     ~~~~~~~~^~~~~~
In file included from /usr/local/include/c++/10.3.0/string:56,
                 from /usr/local/include/c++/10.3.0/bits/locale_classes.h:40,
                 from /usr/local/include/c++/10.3.0/bits/ios_base.h:41,
                 from /usr/local/include/c++/10.3.0/ios:42,
                 from /usr/local/include/c++/10.3.0/ostream:38,
                 from /usr/local/include/gtest/gtest.h:55,
                 from vector_test.cc:1:
/usr/local/include/c++/10.3.0/bits/basic_string.tcc:1172:5: note: candidate: 'template<class _CharT, class _Traits, class _Alloc> std::__cxx11::basic_string<_CharT, _Traits, _Allocator> std::operator+(_CharT, const std::__cxx11::basic_string<_CharT, _Traits, _Allocator>&)'
 1172 |     operator+(_CharT __lhs, const basic_string<_CharT, _Traits, _Alloc>& __rhs)
      |     ^~~~~~~~
/usr/local/include/c++/10.3.0/bits/basic_string.tcc:1172:5: note:   template argument deduction/substitution failed:
In file included from containers.h:5,
                 from vector_test.cc:6:
vector.h:255:61: note:   deduced conflicting types for parameter '_CharT' ('std::__cxx11::basic_string<char>*' and 'char')
  255 |                 std::uninitialized_copy(pos, end(), new_arr + *pos);
      |                                                     ~~~~~~~~^~~~~~
In file included from /usr/local/include/c++/10.3.0/string:55,
                 from /usr/local/include/c++/10.3.0/bits/locale_classes.h:40,
                 from /usr/local/include/c++/10.3.0/bits/ios_base.h:41,
                 from /usr/local/include/c++/10.3.0/ios:42,
                 from /usr/local/include/c++/10.3.0/ostream:38,
                 from /usr/local/include/gtest/gtest.h:55,
                 from vector_test.cc:1:
/usr/local/include/c++/10.3.0/bits/basic_string.h:6069:5: note: candidate: 'template<class _CharT, class _Traits, class _Alloc> std::__cxx11::basic_string<_CharT, _Traits, _Allocator> std::operator+(const std::__cxx11::basic_string<_CharT, _Traits, _Allocator>&, const _CharT*)'
 6069 |     operator+(const basic_string<_CharT, _Traits, _Alloc>& __lhs,
      |     ^~~~~~~~
/usr/local/include/c++/10.3.0/bits/basic_string.h:6069:5: note:   template argument deduction/substitution failed:
In file included from containers.h:5,
                 from vector_test.cc:6:
vector.h:255:61: note:   mismatched types 'const std::__cxx11::basic_string<_CharT, _Traits, _Allocator>' and 'containers::Vector<std::__cxx11::basic_string<char> >::pointer' {aka 'std::__cxx11::basic_string<char>*'}
  255 |                 std::uninitialized_copy(pos, end(), new_arr + *pos);
      |                                                     ~~~~~~~~^~~~~~
In file included from /usr/local/include/c++/10.3.0/string:55,
                 from /usr/local/include/c++/10.3.0/bits/locale_classes.h:40,
                 from /usr/local/include/c++/10.3.0/bits/ios_base.h:41,
                 from /usr/local/include/c++/10.3.0/ios:42,
                 from /usr/local/include/c++/10.3.0/ostream:38,
                 from /usr/local/include/gtest/gtest.h:55,
                 from vector_test.cc:1:
/usr/local/include/c++/10.3.0/bits/basic_string.h:6085:5: note: candidate: 'template<class _CharT, class _Traits, class _Alloc> std::__cxx11::basic_string<_CharT, _Traits, _Allocator> std::operator+(const std::__cxx11::basic_string<_CharT, _Traits, _Allocator>&, _CharT)'
 6085 |     operator+(const basic_string<_CharT, _Traits, _Alloc>& __lhs, _CharT __rhs)
      |     ^~~~~~~~
/usr/local/include/c++/10.3.0/bits/basic_string.h:6085:5: note:   template argument deduction/substitution failed:
In file included from containers.h:5,
                 from vector_test.cc:6:
vector.h:255:61: note:   mismatched types 'const std::__cxx11::basic_string<_CharT, _Traits, _Allocator>' and 'containers::Vector<std::__cxx11::basic_string<char> >::pointer' {aka 'std::__cxx11::basic_string<char>*'}
  255 |                 std::uninitialized_copy(pos, end(), new_arr + *pos);
      |                                                     ~~~~~~~~^~~~~~
In file included from /usr/local/include/c++/10.3.0/string:55,
                 from /usr/local/include/c++/10.3.0/bits/locale_classes.h:40,
                 from /usr/local/include/c++/10.3.0/bits/ios_base.h:41,
                 from /usr/local/include/c++/10.3.0/ios:42,
                 from /usr/local/include/c++/10.3.0/ostream:38,
                 from /usr/local/include/gtest/gtest.h:55,
                 from vector_test.cc:1:
/usr/local/include/c++/10.3.0/bits/basic_string.h:6097:5: note: candidate: 'template<class _CharT, class _Traits, class _Alloc> std::__cxx11::basic_string<_CharT, _Traits, _Allocator> std::operator+(std::__cxx11::basic_string<_CharT, _Traits, _Allocator>&&, const std::__cxx11::basic_string<_CharT, _Traits, _Allocator>&)'
 6097 |     operator+(basic_string<_CharT, _Traits, _Alloc>&& __lhs,
      |     ^~~~~~~~
/usr/local/include/c++/10.3.0/bits/basic_string.h:6097:5: note:   template argument deduction/substitution failed:
In file included from containers.h:5,
                 from vector_test.cc:6:
vector.h:255:61: note:   mismatched types 'std::__cxx11::basic_string<_CharT, _Traits, _Allocator>' and 'containers::Vector<std::__cxx11::basic_string<char> >::pointer' {aka 'std::__cxx11::basic_string<char>*'}
  255 |                 std::uninitialized_copy(pos, end(), new_arr + *pos);
      |                                                     ~~~~~~~~^~~~~~
In file included from /usr/local/include/c++/10.3.0/string:55,
                 from /usr/local/include/c++/10.3.0/bits/locale_classes.h:40,
                 from /usr/local/include/c++/10.3.0/bits/ios_base.h:41,
                 from /usr/local/include/c++/10.3.0/ios:42,
                 from /usr/local/include/c++/10.3.0/ostream:38,
                 from /usr/local/include/gtest/gtest.h:55,
                 from vector_test.cc:1:
/usr/local/include/c++/10.3.0/bits/basic_string.h:6103:5: note: candidate: 'template<class _CharT, class _Traits, class _Alloc> std::__cxx11::basic_string<_CharT, _Traits, _Allocator> std::operator+(const std::__cxx11::basic_string<_CharT, _Traits, _Allocator>&, std::__cxx11::basic_string<_CharT, _Traits, _Allocator>&&)'
 6103 |     operator+(const basic_string<_CharT, _Traits, _Alloc>& __lhs,
      |     ^~~~~~~~
/usr/local/include/c++/10.3.0/bits/basic_string.h:6103:5: note:   template argument deduction/substitution failed:
In file included from containers.h:5,
                 from vector_test.cc:6:
vector.h:255:61: note:   mismatched types 'const std::__cxx11::basic_string<_CharT, _Traits, _Allocator>' and 'containers::Vector<std::__cxx11::basic_string<char> >::pointer' {aka 'std::__cxx11::basic_string<char>*'}
  255 |                 std::uninitialized_copy(pos, end(), new_arr + *pos);
      |                                                     ~~~~~~~~^~~~~~
In file included from /usr/local/include/c++/10.3.0/string:55,
                 from /usr/local/include/c++/10.3.0/bits/locale_classes.h:40,
                 from /usr/local/include/c++/10.3.0/bits/ios_base.h:41,
                 from /usr/local/include/c++/10.3.0/ios:42,
                 from /usr/local/include/c++/10.3.0/ostream:38,
                 from /usr/local/include/gtest/gtest.h:55,
                 from vector_test.cc:1:
/usr/local/include/c++/10.3.0/bits/basic_string.h:6109:5: note: candidate: 'template<class _CharT, class _Traits, class _Alloc> std::__cxx11::basic_string<_CharT, _Traits, _Allocator> std::operator+(std::__cxx11::basic_string<_CharT, _Traits, _Allocator>&&, std::__cxx11::basic_string<_CharT, _Traits, _Allocator>&&)'
 6109 |     operator+(basic_string<_CharT, _Traits, _Alloc>&& __lhs,
      |     ^~~~~~~~
/usr/local/include/c++/10.3.0/bits/basic_string.h:6109:5: note:   template argument deduction/substitution failed:
In file included from containers.h:5,
                 from vector_test.cc:6:
vector.h:255:61: note:   mismatched types 'std::__cxx11::basic_string<_CharT, _Traits, _Allocator>' and 'containers::Vector<std::__cxx11::basic_string<char> >::pointer' {aka 'std::__cxx11::basic_string<char>*'}
  255 |                 std::uninitialized_copy(pos, end(), new_arr + *pos);
      |                                                     ~~~~~~~~^~~~~~
In file included from /usr/local/include/c++/10.3.0/string:55,
                 from /usr/local/include/c++/10.3.0/bits/locale_classes.h:40,
                 from /usr/local/include/c++/10.3.0/bits/ios_base.h:41,
                 from /usr/local/include/c++/10.3.0/ios:42,
                 from /usr/local/include/c++/10.3.0/ostream:38,
                 from /usr/local/include/gtest/gtest.h:55,
                 from vector_test.cc:1:
/usr/local/include/c++/10.3.0/bits/basic_string.h:6131:5: note: candidate: 'template<class _CharT, class _Traits, class _Alloc> std::__cxx11::basic_string<_CharT, _Traits, _Allocator> std::operator+(const _CharT*, std::__cxx11::basic_string<_CharT, _Traits, _Allocator>&&)'
 6131 |     operator+(const _CharT* __lhs,
      |     ^~~~~~~~
/usr/local/include/c++/10.3.0/bits/basic_string.h:6131:5: note:   template argument deduction/substitution failed:
In file included from containers.h:5,
                 from vector_test.cc:6:
vector.h:255:61: note:   deduced conflicting types for parameter '_CharT' ('std::__cxx11::basic_string<char>' and 'char')
  255 |                 std::uninitialized_copy(pos, end(), new_arr + *pos);
      |                                                     ~~~~~~~~^~~~~~
In file included from /usr/local/include/c++/10.3.0/string:55,
                 from /usr/local/include/c++/10.3.0/bits/locale_classes.h:40,
                 from /usr/local/include/c++/10.3.0/bits/ios_base.h:41,
                 from /usr/local/include/c++/10.3.0/ios:42,
                 from /usr/local/include/c++/10.3.0/ostream:38,
                 from /usr/local/include/gtest/gtest.h:55,
                 from vector_test.cc:1:
/usr/local/include/c++/10.3.0/bits/basic_string.h:6137:5: note: candidate: 'template<class _CharT, class _Traits, class _Alloc> std::__cxx11::basic_string<_CharT, _Traits, _Allocator> std::operator+(_CharT, std::__cxx11::basic_string<_CharT, _Traits, _Allocator>&&)'
 6137 |     operator+(_CharT __lhs,
      |     ^~~~~~~~
/usr/local/include/c++/10.3.0/bits/basic_string.h:6137:5: note:   template argument deduction/substitution failed:
In file included from containers.h:5,
                 from vector_test.cc:6:
vector.h:255:61: note:   deduced conflicting types for parameter '_CharT' ('std::__cxx11::basic_string<char>*' and 'char')
  255 |                 std::uninitialized_copy(pos, end(), new_arr + *pos);
      |                                                     ~~~~~~~~^~~~~~
In file included from /usr/local/include/c++/10.3.0/string:55,
                 from /usr/local/include/c++/10.3.0/bits/locale_classes.h:40,
                 from /usr/local/include/c++/10.3.0/bits/ios_base.h:41,
                 from /usr/local/include/c++/10.3.0/ios:42,
                 from /usr/local/include/c++/10.3.0/ostream:38,
                 from /usr/local/include/gtest/gtest.h:55,
                 from vector_test.cc:1:
/usr/local/include/c++/10.3.0/bits/basic_string.h:6143:5: note: candidate: 'template<class _CharT, class _Traits, class _Alloc> std::__cxx11::basic_string<_CharT, _Traits, _Allocator> std::operator+(std::__cxx11::basic_string<_CharT, _Traits, _Allocator>&&, const _CharT*)'
 6143 |     operator+(basic_string<_CharT, _Traits, _Alloc>&& __lhs,
      |     ^~~~~~~~
/usr/local/include/c++/10.3.0/bits/basic_string.h:6143:5: note:   template argument deduction/substitution failed:
In file included from containers.h:5,
                 from vector_test.cc:6:
vector.h:255:61: note:   mismatched types 'std::__cxx11::basic_string<_CharT, _Traits, _Allocator>' and 'containers::Vector<std::__cxx11::basic_string<char> >::pointer' {aka 'std::__cxx11::basic_string<char>*'}
  255 |                 std::uninitialized_copy(pos, end(), new_arr + *pos);
      |                                                     ~~~~~~~~^~~~~~
In file included from /usr/local/include/c++/10.3.0/string:55,
                 from /usr/local/include/c++/10.3.0/bits/locale_classes.h:40,
                 from /usr/local/include/c++/10.3.0/bits/ios_base.h:41,
                 from /usr/local/include/c++/10.3.0/ios:42,
                 from /usr/local/include/c++/10.3.0/ostream:38,
                 from /usr/local/include/gtest/gtest.h:55,
                 from vector_test.cc:1:
/usr/local/include/c++/10.3.0/bits/basic_string.h:6149:5: note: candidate: 'template<class _CharT, class _Traits, class _Alloc> std::__cxx11::basic_string<_CharT, _Traits, _Allocator> std::operator+(std::__cxx11::basic_string<_CharT, _Traits, _Allocator>&&, _CharT)'
 6149 |     operator+(basic_string<_CharT, _Traits, _Alloc>&& __lhs,
      |     ^~~~~~~~
/usr/local/include/c++/10.3.0/bits/basic_string.h:6149:5: note:   template argument deduction/substitution failed:
In file included from containers.h:5,
                 from vector_test.cc:6:
vector.h:255:61: note:   mismatched types 'std::__cxx11::basic_string<_CharT, _Traits, _Allocator>' and 'containers::Vector<std::__cxx11::basic_string<char> >::pointer' {aka 'std::__cxx11::basic_string<char>*'}
  255 |                 std::uninitialized_copy(pos, end(), new_arr + *pos);
      |                                                     ~~~~~~~~^~~~~~
In file included from /usr/local/include/c++/10.3.0/bits/stl_algobase.h:67,
                 from /usr/local/include/c++/10.3.0/memory:63,
                 from /usr/local/include/gtest/gtest.h:54,
                 from vector_test.cc:1:
/usr/local/include/c++/10.3.0/bits/stl_iterator.h:1207:5: note: candidate: 'template<class _Iterator, class _Container> __gnu_cxx::__normal_iterator<_Iterator, _Container> __gnu_cxx::operator+(typename __gnu_cxx::__normal_iterator<_Iterator, _Container>::difference_type, const __gnu_cxx::__normal_iterator<_Iterator, _Container>&)'
 1207 |     operator+(typename __normal_iterator<_Iterator, _Container>::difference_type
      |     ^~~~~~~~
/usr/local/include/c++/10.3.0/bits/stl_iterator.h:1207:5: note:   template argument deduction/substitution failed:
In file included from containers.h:5,
                 from vector_test.cc:6:
vector.h:255:61: note:   'std::__cxx11::basic_string<char>' is not derived from 'const __gnu_cxx::__normal_iterator<_Iterator, _Container>'
  255 |                 std::uninitialized_copy(pos, end(), new_arr + *pos);
      |                                                     ~~~~~~~~^~~~~~
vector.h:257:35: error: no matching function for call to 'std::allocator_traits<std::allocator<std::__cxx11::basic_string<char> > >::deallocate(std::allocator<std::__cxx11::basic_string<char> >&, std::__cxx11::basic_string<char>*&)'
  257 |                 traits::deallocate(alloc_, new_arr);
      |                 ~~~~~~~~~~~~~~~~~~^~~~~~~~~~~~~~~~~
In file included from /usr/local/include/c++/10.3.0/ext/alloc_traits.h:34,
                 from /usr/local/include/c++/10.3.0/bits/stl_uninitialized.h:67,
                 from /usr/local/include/c++/10.3.0/memory:66,
                 from /usr/local/include/gtest/gtest.h:54,
                 from vector_test.cc:1:
/usr/local/include/c++/10.3.0/bits/alloc_traits.h:491:7: note: candidate: 'static void std::allocator_traits<std::allocator<_Tp1> >::deallocate(std::allocator_traits<std::allocator<_Tp1> >::allocator_type&, std::allocator_traits<std::allocator<_Tp1> >::pointer, std::allocator_traits<std::allocator<_Tp1> >::size_type) [with _Tp = std::__cxx11::basic_string<char>; std::allocator_traits<std::allocator<_Tp1> >::allocator_type = std::allocator<std::__cxx11::basic_string<char> >; std::allocator_traits<std::allocator<_Tp1> >::pointer = std::__cxx11::basic_string<char>*; std::allocator_traits<std::allocator<_Tp1> >::size_type = long unsigned int]'
  491 |       deallocate(allocator_type& __a, pointer __p, size_type __n)
      |       ^~~~~~~~~~
/usr/local/include/c++/10.3.0/bits/alloc_traits.h:491:7: note:   candidate expects 3 arguments, 2 provided
In file included from containers.h:5,
                 from vector_test.cc:6:
vector.h:261:32: error: no matching function for call to 'std::allocator_traits<std::allocator<std::__cxx11::basic_string<char> > >::destroy(std::allocator<std::__cxx11::basic_string<char> >&, std::__cxx11::basic_string<char>*&, containers::Iterator<std::__cxx11::basic_string<char>, false>&)'
  261 |                 traits::destroy(alloc_, arr_, it);
      |                 ~~~~~~~~~~~~~~~^~~~~~~~~~~~~~~~~~
In file included from /usr/local/include/c++/10.3.0/ext/alloc_traits.h:34,
                 from /usr/local/include/c++/10.3.0/bits/stl_uninitialized.h:67,
                 from /usr/local/include/c++/10.3.0/memory:66,
                 from /usr/local/include/gtest/gtest.h:54,
                 from vector_test.cc:1:
/usr/local/include/c++/10.3.0/bits/alloc_traits.h:527:2: note: candidate: 'template<class _Up> static void std::allocator_traits<std::allocator<_Tp1> >::destroy(std::allocator_traits<std::allocator<_Tp1> >::allocator_type&, _Up*) [with _Up = _Up; _Tp = std::__cxx11::basic_string<char>]'
  527 |  destroy(allocator_type& __a __attribute__((__unused__)), _Up* __p)
      |  ^~~~~~~
/usr/local/include/c++/10.3.0/bits/alloc_traits.h:527:2: note:   template argument deduction/substitution failed:
In file included from containers.h:5,
                 from vector_test.cc:6:
vector.h:261:32: note:   candidate expects 2 arguments, 3 provided
  261 |                 traits::destroy(alloc_, arr_, it);
      |                 ~~~~~~~~~~~~~~~^~~~~~~~~~~~~~~~~~
vector.h: In instantiation of 'T& containers::Vector<T, Allocator>::at(containers::Vector<T, Allocator>::size_type) [with T = std::__cxx11::basic_string<char>; Allocator = std::allocator<std::__cxx11::basic_string<char> >; containers::Vector<T, Allocator>::reference = std::__cxx11::basic_string<char>&; containers::Vector<T, Allocator>::size_type = long unsigned int]':
vector_test.cc:237:3:   required from here
vector.h:96:20: error: no match for 'operator*' (operand type is 'std::__cxx11::basic_string<char>')
   96 |             return *(begin() + pos);
      |                    ^~~~~~~~~~~~~~~~
vector.h: In instantiation of 'containers::Vector<T, Allocator>::~Vector() [with T = char; Allocator = std::allocator<char>]':
vector_test.cc:245:56:   required from here
vector.h:68:32: error: no matching function for call to 'std::allocator_traits<std::allocator<char> >::destroy(std::allocator<char>&, containers::Iterator<char, false>&)'
   68 |                 traits::destroy(alloc_, itr);
      |                 ~~~~~~~~~~~~~~~^~~~~~~~~~~~~
In file included from /usr/local/include/c++/10.3.0/ext/alloc_traits.h:34,
                 from /usr/local/include/c++/10.3.0/bits/stl_uninitialized.h:67,
                 from /usr/local/include/c++/10.3.0/memory:66,
                 from /usr/local/include/gtest/gtest.h:54,
                 from vector_test.cc:1:
/usr/local/include/c++/10.3.0/bits/alloc_traits.h:527:2: note: candidate: 'template<class _Up> static void std::allocator_traits<std::allocator<_Tp1> >::destroy(std::allocator_traits<std::allocator<_Tp1> >::allocator_type&, _Up*) [with _Up = _Up; _Tp = char]'
  527 |  destroy(allocator_type& __a __attribute__((__unused__)), _Up* __p)
      |  ^~~~~~~
/usr/local/include/c++/10.3.0/bits/alloc_traits.h:527:2: note:   template argument deduction/substitution failed:
In file included from containers.h:5,
                 from vector_test.cc:6:
vector.h:68:32: note:   mismatched types '_Up*' and 'containers::Iterator<char, false>'
   68 |                 traits::destroy(alloc_, itr);
      |                 ~~~~~~~~~~~~~~~^~~~~~~~~~~~~
vector.h: In instantiation of 'containers::Vector<T, Allocator>::iterator containers::Vector<T, Allocator>::insert(containers::Vector<T, Allocator>::iterator, containers::Vector<T, Allocator>::const_reference) [with T = char; Allocator = std::allocator<char>; containers::Vector<T, Allocator>::iterator = containers::Iterator<char, false>; containers::Vector<T, Allocator>::const_reference = const char&]':
vector_test.cc:248:19:   required from here
vector.h:254:40: error: no matching function for call to 'uninitialized_fill(containers::Vector<char>::iterator&, const char&)'
  254 |                 std::uninitialized_fill(inserted, value);
      |                 ~~~~~~~~~~~~~~~~~~~~~~~^~~~~~~~~~~~~~~~~
In file included from /usr/local/include/c++/10.3.0/memory:66,
                 from /usr/local/include/gtest/gtest.h:54,
                 from vector_test.cc:1:
/usr/local/include/c++/10.3.0/bits/stl_uninitialized.h:200:5: note: candidate: 'template<class _ForwardIterator, class _Tp> void std::uninitialized_fill(_ForwardIterator, _ForwardIterator, const _Tp&)'
  200 |     uninitialized_fill(_ForwardIterator __first, _ForwardIterator __last,
      |     ^~~~~~~~~~~~~~~~~~
/usr/local/include/c++/10.3.0/bits/stl_uninitialized.h:200:5: note:   template argument deduction/substitution failed:
In file included from containers.h:5,
                 from vector_test.cc:6:
vector.h:254:40: note:   deduced conflicting types for parameter '_ForwardIterator' ('containers::Iterator<char, false>' and 'char')
  254 |                 std::uninitialized_fill(inserted, value);
      |                 ~~~~~~~~~~~~~~~~~~~~~~~^~~~~~~~~~~~~~~~~
In file included from /usr/local/include/c++/10.3.0/memory:422,
                 from /usr/local/include/gtest/gtest.h:54,
                 from vector_test.cc:1:
/usr/local/include/c++/10.3.0/pstl/glue_memory_defs.h:42:1: note: candidate: 'template<class _ExecutionPolicy, class _ForwardIterator, class _Tp> __pstl::__internal::__enable_if_execution_policy<_ExecutionPolicy, void> std::uninitialized_fill(_ExecutionPolicy&&, _ForwardIterator, _ForwardIterator, const _Tp&)'
   42 | uninitialized_fill(_ExecutionPolicy&& __exec, _ForwardIterator __first, _ForwardIterator __last, const _Tp& __value);
      | ^~~~~~~~~~~~~~~~~~
/usr/local/include/c++/10.3.0/pstl/glue_memory_defs.h:42:1: note:   template argument deduction/substitution failed:
In file included from containers.h:5,
                 from vector_test.cc:6:
vector.h:254:40: note:   candidate expects 4 arguments, 2 provided
  254 |                 std::uninitialized_fill(inserted, value);
      |                 ~~~~~~~~~~~~~~~~~~~~~~~^~~~~~~~~~~~~~~~~
vector.h:257:35: error: no matching function for call to 'std::allocator_traits<std::allocator<char> >::deallocate(std::allocator<char>&, char*&)'
  257 |                 traits::deallocate(alloc_, new_arr);
      |                 ~~~~~~~~~~~~~~~~~~^~~~~~~~~~~~~~~~~
In file included from /usr/local/include/c++/10.3.0/ext/alloc_traits.h:34,
                 from /usr/local/include/c++/10.3.0/bits/stl_uninitialized.h:67,
                 from /usr/local/include/c++/10.3.0/memory:66,
                 from /usr/local/include/gtest/gtest.h:54,
                 from vector_test.cc:1:
/usr/local/include/c++/10.3.0/bits/alloc_traits.h:491:7: note: candidate: 'static void std::allocator_traits<std::allocator<_Tp1> >::deallocate(std::allocator_traits<std::allocator<_Tp1> >::allocator_type&, std::allocator_traits<std::allocator<_Tp1> >::pointer, std::allocator_traits<std::allocator<_Tp1> >::size_type) [with _Tp = char; std::allocator_traits<std::allocator<_Tp1> >::allocator_type = std::allocator<char>; std::allocator_traits<std::allocator<_Tp1> >::pointer = char*; std::allocator_traits<std::allocator<_Tp1> >::size_type = long unsigned int]'
  491 |       deallocate(allocator_type& __a, pointer __p, size_type __n)
      |       ^~~~~~~~~~
/usr/local/include/c++/10.3.0/bits/alloc_traits.h:491:7: note:   candidate expects 3 arguments, 2 provided
In file included from containers.h:5,
                 from vector_test.cc:6:
vector.h:261:32: error: no matching function for call to 'std::allocator_traits<std::allocator<char> >::destroy(std::allocator<char>&, char*&, containers::Iterator<char, false>&)'
  261 |                 traits::destroy(alloc_, arr_, it);
      |                 ~~~~~~~~~~~~~~~^~~~~~~~~~~~~~~~~~
In file included from /usr/local/include/c++/10.3.0/ext/alloc_traits.h:34,
                 from /usr/local/include/c++/10.3.0/bits/stl_uninitialized.h:67,
                 from /usr/local/include/c++/10.3.0/memory:66,
                 from /usr/local/include/gtest/gtest.h:54,
                 from vector_test.cc:1:
/usr/local/include/c++/10.3.0/bits/alloc_traits.h:527:2: note: candidate: 'template<class _Up> static void std::allocator_traits<std::allocator<_Tp1> >::destroy(std::allocator_traits<std::allocator<_Tp1> >::allocator_type&, _Up*) [with _Up = _Up; _Tp = char]'
  527 |  destroy(allocator_type& __a __attribute__((__unused__)), _Up* __p)
      |  ^~~~~~~
/usr/local/include/c++/10.3.0/bits/alloc_traits.h:527:2: note:   template argument deduction/substitution failed:
In file included from containers.h:5,
                 from vector_test.cc:6:
vector.h:261:32: note:   candidate expects 2 arguments, 3 provided
  261 |                 traits::destroy(alloc_, arr_, it);
      |                 ~~~~~~~~~~~~~~~^~~~~~~~~~~~~~~~~~
vector.h: In instantiation of 'T& containers::Vector<T, Allocator>::at(containers::Vector<T, Allocator>::size_type) [with T = char; Allocator = std::allocator<char>; containers::Vector<T, Allocator>::reference = char&; containers::Vector<T, Allocator>::size_type = long unsigned int]':
vector_test.cc:253:3:   required from here
vector.h:96:20: error: invalid type argument of unary '*' (have 'char')
   96 |             return *(begin() + pos);
      |                    ^~~~~~~~~~~~~~~~
vector.h: In instantiation of 'void containers::Vector<T, Allocator>::push_back(containers::Vector<T, Allocator>::const_reference) [with T = char; Allocator = std::allocator<char>; containers::Vector<T, Allocator>::const_reference = const char&]':
vector_test.cc:347:18:   required from here
vector.h:305:43: error: no matching function for call to 'std::allocator_traits<std::allocator<char> >::allocate(containers::Vector<char>::size_type)'
  305 |                 new_arr = traits::allocate(capacity_ * 2);
      |                           ~~~~~~~~~~~~~~~~^~~~~~~~~~~~~~~
In file included from /usr/local/include/c++/10.3.0/ext/alloc_traits.h:34,
                 from /usr/local/include/c++/10.3.0/bits/stl_uninitialized.h:67,
                 from /usr/local/include/c++/10.3.0/memory:66,
                 from /usr/local/include/gtest/gtest.h:54,
                 from vector_test.cc:1:
/usr/local/include/c++/10.3.0/bits/alloc_traits.h:459:7: note: candidate: 'static _Tp* std::allocator_traits<std::allocator<_Tp1> >::allocate(std::allocator_traits<std::allocator<_Tp1> >::allocator_type&, std::allocator_traits<std::allocator<_Tp1> >::size_type) [with _Tp = char; std::allocator_traits<std::allocator<_Tp1> >::pointer = char*; std::allocator_traits<std::allocator<_Tp1> >::allocator_type = std::allocator<char>; std::allocator_traits<std::allocator<_Tp1> >::size_type = long unsigned int]'
  459 |       allocate(allocator_type& __a, size_type __n)
      |       ^~~~~~~~
/usr/local/include/c++/10.3.0/bits/alloc_traits.h:459:7: note:   candidate expects 2 arguments, 1 provided
/usr/local/include/c++/10.3.0/bits/alloc_traits.h:473:7: note: candidate: 'static _Tp* std::allocator_traits<std::allocator<_Tp1> >::allocate(std::allocator_traits<std::allocator<_Tp1> >::allocator_type&, std::allocator_traits<std::allocator<_Tp1> >::size_type, std::allocator_traits<std::allocator<_Tp1> >::const_void_pointer) [with _Tp = char; std::allocator_traits<std::allocator<_Tp1> >::pointer = char*; std::allocator_traits<std::allocator<_Tp1> >::allocator_type = std::allocator<char>; std::allocator_traits<std::allocator<_Tp1> >::size_type = long unsigned int; std::allocator_traits<std::allocator<_Tp1> >::const_void_pointer = const void*]'
  473 |       allocate(allocator_type& __a, size_type __n, const_void_pointer __hint)
      |       ^~~~~~~~
/usr/local/include/c++/10.3.0/bits/alloc_traits.h:473:7: note:   candidate expects 3 arguments, 1 provided
In file included from containers.h:5,
                 from vector_test.cc:6:
vector.h:307:39: error: invalid use of member function 'containers::Vector<T, Allocator>::size_type containers::Vector<T, Allocator>::size() const [with T = char; Allocator = std::allocator<char>; containers::Vector<T, Allocator>::size_type = long unsigned int]' (did you forget the '()' ?)
  307 |             for (size_type i = 0; i < size; ++i) {
      |                                       ^~~~
      |                                           ()
vector.h:308:57: error: use of deleted function 'const _Tp* std::addressof(const _Tp&&) [with _Tp = char*]'
  308 |                 traits::construct(alloc_, std::addressof(new_arr + i), std::move_if_noexcept(value));
      |                                           ~~~~~~~~~~~~~~^~~~~~~~~~~~~
In file included from /usr/local/include/c++/10.3.0/bits/stl_pair.h:59,
                 from /usr/local/include/c++/10.3.0/bits/stl_algobase.h:64,
                 from /usr/local/include/c++/10.3.0/memory:63,
                 from /usr/local/include/gtest/gtest.h:54,
                 from vector_test.cc:1:
/usr/local/include/c++/10.3.0/bits/move.h:146:16: note: declared here
  146 |     const _Tp* addressof(const _Tp&&) = delete;
      |                ^~~~~~~~~
In file included from containers.h:5,
                 from vector_test.cc:6:
vector.h:312:31: error: no matching function for call to 'std::allocator_traits<std::allocator<char> >::deallocate(char*&, containers::Vector<char>::size_type&)'
  312 |             traits::deallocate(arr_, size_);
      |             ~~~~~~~~~~~~~~~~~~^~~~~~~~~~~~~
In file included from /usr/local/include/c++/10.3.0/ext/alloc_traits.h:34,
                 from /usr/local/include/c++/10.3.0/bits/stl_uninitialized.h:67,
                 from /usr/local/include/c++/10.3.0/memory:66,
                 from /usr/local/include/gtest/gtest.h:54,
                 from vector_test.cc:1:
/usr/local/include/c++/10.3.0/bits/alloc_traits.h:491:7: note: candidate: 'static void std::allocator_traits<std::allocator<_Tp1> >::deallocate(std::allocator_traits<std::allocator<_Tp1> >::allocator_type&, std::allocator_traits<std::allocator<_Tp1> >::pointer, std::allocator_traits<std::allocator<_Tp1> >::size_type) [with _Tp = char; std::allocator_traits<std::allocator<_Tp1> >::allocator_type = std::allocator<char>; std::allocator_traits<std::allocator<_Tp1> >::pointer = char*; std::allocator_traits<std::allocator<_Tp1> >::size_type = long unsigned int]'
  491 |       deallocate(allocator_type& __a, pointer __p, size_type __n)
      |       ^~~~~~~~~~
/usr/local/include/c++/10.3.0/bits/alloc_traits.h:491:7: note:   candidate expects 3 arguments, 2 provided
In file included from containers.h:5,
                 from vector_test.cc:6:
vector.h: In instantiation of 'containers::Vector<T, Allocator>::size_type containers::Vector<T, Allocator>::size() const [with T = char; Allocator = std::allocator<char>; containers::Vector<T, Allocator>::size_type = long unsigned int]':
vector_test.cc:360:3:   required from here
vector.h:165:39: error: passing 'const containers::Vector<char>' as 'this' argument discards qualifiers [-fpermissive]
  165 |             return std::distance(begin(), end());
      |                                  ~~~~~^~
vector.h:138:18: note:   in call to 'containers::Vector<T, Allocator>::iterator containers::Vector<T, Allocator>::begin() [with T = char; Allocator = std::allocator<char>; containers::Vector<T, Allocator>::iterator = containers::Iterator<char, false>]'
  138 |         iterator begin() noexcept {
      |                  ^~~~~
vector.h:165:46: error: passing 'const containers::Vector<char>' as 'this' argument discards qualifiers [-fpermissive]
  165 |             return std::distance(begin(), end());
      |                                           ~~~^~
vector.h:146:18: note:   in call to 'containers::Vector<T, Allocator>::iterator containers::Vector<T, Allocator>::end() [with T = char; Allocator = std::allocator<char>; containers::Vector<T, Allocator>::iterator = containers::Iterator<char, false>]'
  146 |         iterator end() noexcept {
      |                  ^~~
vector.h:165:33: error: no matching function for call to 'distance(containers::Vector<char>::iterator, containers::Vector<char>::iterator)'
  165 |             return std::distance(begin(), end());
      |                    ~~~~~~~~~~~~~^~~~~~~~~~~~~~~~
In file included from /usr/local/include/c++/10.3.0/bits/stl_algobase.h:66,
                 from /usr/local/include/c++/10.3.0/memory:63,
                 from /usr/local/include/gtest/gtest.h:54,
                 from vector_test.cc:1:
/usr/local/include/c++/10.3.0/bits/stl_iterator_base_funcs.h:138:5: note: candidate: 'template<class _InputIterator> constexpr typename std::iterator_traits< <template-parameter-1-1> >::difference_type std::distance(_InputIterator, _InputIterator)'
  138 |     distance(_InputIterator __first, _InputIterator __last)
      |     ^~~~~~~~
/usr/local/include/c++/10.3.0/bits/stl_iterator_base_funcs.h:138:5: note:   template argument deduction/substitution failed:
/usr/local/include/c++/10.3.0/bits/stl_iterator_base_funcs.h: In substitution of 'template<class _InputIterator> constexpr typename std::iterator_traits< <template-parameter-1-1> >::difference_type std::distance(_InputIterator, _InputIterator) [with _InputIterator = containers::Iterator<char, false>]':
vector.h:165:33:   required from 'containers::Vector<T, Allocator>::size_type containers::Vector<T, Allocator>::size() const [with T = char; Allocator = std::allocator<char>; containers::Vector<T, Allocator>::size_type = long unsigned int]'
vector_test.cc:360:3:   required from here
/usr/local/include/c++/10.3.0/bits/stl_iterator_base_funcs.h:138:5: error: no type named 'difference_type' in 'struct std::iterator_traits<containers::Iterator<char, false> >'
In file included from containers.h:5,
                 from vector_test.cc:6:
vector.h: In instantiation of 'void containers::Vector<T, Allocator>::push_back(containers::Vector<T, Allocator>::const_reference) [with T = std::__cxx11::basic_string<char>; Allocator = std::allocator<std::__cxx11::basic_string<char> >; containers::Vector<T, Allocator>::const_reference = const std::__cxx11::basic_string<char>&]':
vector_test.cc:366:18:   required from here
vector.h:305:43: error: no matching function for call to 'std::allocator_traits<std::allocator<std::__cxx11::basic_string<char> > >::allocate(containers::Vector<std::__cxx11::basic_string<char> >::size_type)'
  305 |                 new_arr = traits::allocate(capacity_ * 2);
      |                           ~~~~~~~~~~~~~~~~^~~~~~~~~~~~~~~
In file included from /usr/local/include/c++/10.3.0/ext/alloc_traits.h:34,
                 from /usr/local/include/c++/10.3.0/bits/stl_uninitialized.h:67,
                 from /usr/local/include/c++/10.3.0/memory:66,
                 from /usr/local/include/gtest/gtest.h:54,
                 from vector_test.cc:1:
/usr/local/include/c++/10.3.0/bits/alloc_traits.h:459:7: note: candidate: 'static _Tp* std::allocator_traits<std::allocator<_Tp1> >::allocate(std::allocator_traits<std::allocator<_Tp1> >::allocator_type&, std::allocator_traits<std::allocator<_Tp1> >::size_type) [with _Tp = std::__cxx11::basic_string<char>; std::allocator_traits<std::allocator<_Tp1> >::pointer = std::__cxx11::basic_string<char>*; std::allocator_traits<std::allocator<_Tp1> >::allocator_type = std::allocator<std::__cxx11::basic_string<char> >; std::allocator_traits<std::allocator<_Tp1> >::size_type = long unsigned int]'
  459 |       allocate(allocator_type& __a, size_type __n)
      |       ^~~~~~~~
/usr/local/include/c++/10.3.0/bits/alloc_traits.h:459:7: note:   candidate expects 2 arguments, 1 provided
/usr/local/include/c++/10.3.0/bits/alloc_traits.h:473:7: note: candidate: 'static _Tp* std::allocator_traits<std::allocator<_Tp1> >::allocate(std::allocator_traits<std::allocator<_Tp1> >::allocator_type&, std::allocator_traits<std::allocator<_Tp1> >::size_type, std::allocator_traits<std::allocator<_Tp1> >::const_void_pointer) [with _Tp = std::__cxx11::basic_string<char>; std::allocator_traits<std::allocator<_Tp1> >::pointer = std::__cxx11::basic_string<char>*; std::allocator_traits<std::allocator<_Tp1> >::allocator_type = std::allocator<std::__cxx11::basic_string<char> >; std::allocator_traits<std::allocator<_Tp1> >::size_type = long unsigned int; std::allocator_traits<std::allocator<_Tp1> >::const_void_pointer = const void*]'
  473 |       allocate(allocator_type& __a, size_type __n, const_void_pointer __hint)
      |       ^~~~~~~~
/usr/local/include/c++/10.3.0/bits/alloc_traits.h:473:7: note:   candidate expects 3 arguments, 1 provided
In file included from containers.h:5,
                 from vector_test.cc:6:
vector.h:307:39: error: invalid use of member function 'containers::Vector<T, Allocator>::size_type containers::Vector<T, Allocator>::size() const [with T = std::__cxx11::basic_string<char>; Allocator = std::allocator<std::__cxx11::basic_string<char> >; containers::Vector<T, Allocator>::size_type = long unsigned int]' (did you forget the '()' ?)
  307 |             for (size_type i = 0; i < size; ++i) {
      |                                       ^~~~
      |                                           ()
vector.h:308:57: error: use of deleted function 'const _Tp* std::addressof(const _Tp&&) [with _Tp = std::__cxx11::basic_string<char>*]'
  308 |                 traits::construct(alloc_, std::addressof(new_arr + i), std::move_if_noexcept(value));
      |                                           ~~~~~~~~~~~~~~^~~~~~~~~~~~~
In file included from /usr/local/include/c++/10.3.0/bits/stl_pair.h:59,
                 from /usr/local/include/c++/10.3.0/bits/stl_algobase.h:64,
                 from /usr/local/include/c++/10.3.0/memory:63,
                 from /usr/local/include/gtest/gtest.h:54,
                 from vector_test.cc:1:
/usr/local/include/c++/10.3.0/bits/move.h:146:16: note: declared here
  146 |     const _Tp* addressof(const _Tp&&) = delete;
      |                ^~~~~~~~~
In file included from containers.h:5,
                 from vector_test.cc:6:
vector.h:312:31: error: no matching function for call to 'std::allocator_traits<std::allocator<std::__cxx11::basic_string<char> > >::deallocate(std::__cxx11::basic_string<char>*&, containers::Vector<std::__cxx11::basic_string<char> >::size_type&)'
  312 |             traits::deallocate(arr_, size_);
      |             ~~~~~~~~~~~~~~~~~~^~~~~~~~~~~~~
In file included from /usr/local/include/c++/10.3.0/ext/alloc_traits.h:34,
                 from /usr/local/include/c++/10.3.0/bits/stl_uninitialized.h:67,
                 from /usr/local/include/c++/10.3.0/memory:66,
                 from /usr/local/include/gtest/gtest.h:54,
                 from vector_test.cc:1:
/usr/local/include/c++/10.3.0/bits/alloc_traits.h:491:7: note: candidate: 'static void std::allocator_traits<std::allocator<_Tp1> >::deallocate(std::allocator_traits<std::allocator<_Tp1> >::allocator_type&, std::allocator_traits<std::allocator<_Tp1> >::pointer, std::allocator_traits<std::allocator<_Tp1> >::size_type) [with _Tp = std::__cxx11::basic_string<char>; std::allocator_traits<std::allocator<_Tp1> >::allocator_type = std::allocator<std::__cxx11::basic_string<char> >; std::allocator_traits<std::allocator<_Tp1> >::pointer = std::__cxx11::basic_string<char>*; std::allocator_traits<std::allocator<_Tp1> >::size_type = long unsigned int]'
  491 |       deallocate(allocator_type& __a, pointer __p, size_type __n)
      |       ^~~~~~~~~~
/usr/local/include/c++/10.3.0/bits/alloc_traits.h:491:7: note:   candidate expects 3 arguments, 2 provided
In file included from containers.h:5,
                 from vector_test.cc:6:
vector.h: In instantiation of 'void containers::Vector<T, Allocator>::erase(containers::Vector<T, Allocator>::iterator) [with T = int; Allocator = std::allocator<int>; containers::Vector<T, Allocator>::iterator = containers::Iterator<int, false>]':
vector_test.cc:516:20:   required from here
vector.h:276:40: error: no matching function for call to 'uninitialized_copy(containers::Vector<int>::iterator, int&, int*&)'
  276 |                 std::uninitialized_copy(begin(), pos - 1, new_arr);
      |                 ~~~~~~~~~~~~~~~~~~~~~~~^~~~~~~~~~~~~~~~~~~~~~~~~~~
In file included from /usr/local/include/c++/10.3.0/memory:66,
                 from /usr/local/include/gtest/gtest.h:54,
                 from vector_test.cc:1:
/usr/local/include/c++/10.3.0/bits/stl_uninitialized.h:125:5: note: candidate: 'template<class _InputIterator, class _ForwardIterator> _ForwardIterator std::uninitialized_copy(_InputIterator, _InputIterator, _ForwardIterator)'
  125 |     uninitialized_copy(_InputIterator __first, _InputIterator __last,
      |     ^~~~~~~~~~~~~~~~~~
/usr/local/include/c++/10.3.0/bits/stl_uninitialized.h:125:5: note:   template argument deduction/substitution failed:
In file included from containers.h:5,
                 from vector_test.cc:6:
vector.h:276:40: note:   deduced conflicting types for parameter '_InputIterator' ('containers::Iterator<int, false>' and 'int')
  276 |                 std::uninitialized_copy(begin(), pos - 1, new_arr);
      |                 ~~~~~~~~~~~~~~~~~~~~~~~^~~~~~~~~~~~~~~~~~~~~~~~~~~
In file included from /usr/local/include/c++/10.3.0/memory:422,
                 from /usr/local/include/gtest/gtest.h:54,
                 from vector_test.cc:1:
/usr/local/include/c++/10.3.0/pstl/glue_memory_defs.h:22:1: note: candidate: 'template<class _ExecutionPolicy, class _InputIterator, class _ForwardIterator> __pstl::__internal::__enable_if_execution_policy<_ExecutionPolicy, _ForwardIterator> std::uninitialized_copy(_ExecutionPolicy&&, _InputIterator, _InputIterator, _ForwardIterator)'
   22 | uninitialized_copy(_ExecutionPolicy&& __exec, _InputIterator __first, _InputIterator __last, _ForwardIterator __result);
      | ^~~~~~~~~~~~~~~~~~
/usr/local/include/c++/10.3.0/pstl/glue_memory_defs.h:22:1: note:   template argument deduction/substitution failed:
In file included from containers.h:5,
                 from vector_test.cc:6:
vector.h:276:40: note:   deduced conflicting types for parameter '_InputIterator' ('int' and 'int*')
  276 |                 std::uninitialized_copy(begin(), pos - 1, new_arr);
      |                 ~~~~~~~~~~~~~~~~~~~~~~~^~~~~~~~~~~~~~~~~~~~~~~~~~~
vector.h:279:35: error: no matching function for call to 'std::allocator_traits<std::allocator<int> >::deallocate(std::allocator<int>&, int*&)'
  279 |                 traits::deallocate(alloc_, new_arr);
      |                 ~~~~~~~~~~~~~~~~~~^~~~~~~~~~~~~~~~~
In file included from /usr/local/include/c++/10.3.0/ext/alloc_traits.h:34,
                 from /usr/local/include/c++/10.3.0/bits/stl_uninitialized.h:67,
                 from /usr/local/include/c++/10.3.0/memory:66,
                 from /usr/local/include/gtest/gtest.h:54,
                 from vector_test.cc:1:
/usr/local/include/c++/10.3.0/bits/alloc_traits.h:491:7: note: candidate: 'static void std::allocator_traits<std::allocator<_Tp1> >::deallocate(std::allocator_traits<std::allocator<_Tp1> >::allocator_type&, std::allocator_traits<std::allocator<_Tp1> >::pointer, std::allocator_traits<std::allocator<_Tp1> >::size_type) [with _Tp = int; std::allocator_traits<std::allocator<_Tp1> >::allocator_type = std::allocator<int>; std::allocator_traits<std::allocator<_Tp1> >::pointer = int*; std::allocator_traits<std::allocator<_Tp1> >::size_type = long unsigned int]'
  491 |       deallocate(allocator_type& __a, pointer __p, size_type __n)
      |       ^~~~~~~~~~
/usr/local/include/c++/10.3.0/bits/alloc_traits.h:491:7: note:   candidate expects 3 arguments, 2 provided
In file included from containers.h:5,
                 from vector_test.cc:6:
vector.h:283:32: error: no matching function for call to 'std::allocator_traits<std::allocator<int> >::destroy(std::allocator<int>&, int*&, containers::Iterator<int, false>&)'
  283 |                 traits::destroy(alloc_, arr_, it);
      |                 ~~~~~~~~~~~~~~~^~~~~~~~~~~~~~~~~~
In file included from /usr/local/include/c++/10.3.0/ext/alloc_traits.h:34,
                 from /usr/local/include/c++/10.3.0/bits/stl_uninitialized.h:67,
                 from /usr/local/include/c++/10.3.0/memory:66,
                 from /usr/local/include/gtest/gtest.h:54,
                 from vector_test.cc:1:
/usr/local/include/c++/10.3.0/bits/alloc_traits.h:527:2: note: candidate: 'template<class _Up> static void std::allocator_traits<std::allocator<_Tp1> >::destroy(std::allocator_traits<std::allocator<_Tp1> >::allocator_type&, _Up*) [with _Up = _Up; _Tp = int]'
  527 |  destroy(allocator_type& __a __attribute__((__unused__)), _Up* __p)
      |  ^~~~~~~
/usr/local/include/c++/10.3.0/bits/alloc_traits.h:527:2: note:   template argument deduction/substitution failed:
In file included from containers.h:5,
                 from vector_test.cc:6:
vector.h:283:32: note:   candidate expects 2 arguments, 3 provided
  283 |                 traits::destroy(alloc_, arr_, it);
      |                 ~~~~~~~~~~~~~~~^~~~~~~~~~~~~~~~~~
vector.h: In instantiation of 'void containers::Vector<T, Allocator>::erase(containers::Vector<T, Allocator>::iterator) [with T = std::__cxx11::basic_string<char>; Allocator = std::allocator<std::__cxx11::basic_string<char> >; containers::Vector<T, Allocator>::iterator = containers::Iterator<std::__cxx11::basic_string<char>, false>]':
vector_test.cc:582:20:   required from here
vector.h:276:40: error: no matching function for call to 'uninitialized_copy(containers::Vector<std::__cxx11::basic_string<char> >::iterator, std::__cxx11::basic_string<char>&, std::__cxx11::basic_string<char>*&)'
  276 |                 std::uninitialized_copy(begin(), pos - 1, new_arr);
      |                 ~~~~~~~~~~~~~~~~~~~~~~~^~~~~~~~~~~~~~~~~~~~~~~~~~~
In file included from /usr/local/include/c++/10.3.0/memory:66,
                 from /usr/local/include/gtest/gtest.h:54,
                 from vector_test.cc:1:
/usr/local/include/c++/10.3.0/bits/stl_uninitialized.h:125:5: note: candidate: 'template<class _InputIterator, class _ForwardIterator> _ForwardIterator std::uninitialized_copy(_InputIterator, _InputIterator, _ForwardIterator)'
  125 |     uninitialized_copy(_InputIterator __first, _InputIterator __last,
      |     ^~~~~~~~~~~~~~~~~~
/usr/local/include/c++/10.3.0/bits/stl_uninitialized.h:125:5: note:   template argument deduction/substitution failed:
In file included from containers.h:5,
                 from vector_test.cc:6:
vector.h:276:40: note:   deduced conflicting types for parameter '_InputIterator' ('containers::Iterator<std::__cxx11::basic_string<char>, false>' and 'std::__cxx11::basic_string<char>')
  276 |                 std::uninitialized_copy(begin(), pos - 1, new_arr);
      |                 ~~~~~~~~~~~~~~~~~~~~~~~^~~~~~~~~~~~~~~~~~~~~~~~~~~
In file included from /usr/local/include/c++/10.3.0/memory:422,
                 from /usr/local/include/gtest/gtest.h:54,
                 from vector_test.cc:1:
/usr/local/include/c++/10.3.0/pstl/glue_memory_defs.h:22:1: note: candidate: 'template<class _ExecutionPolicy, class _InputIterator, class _ForwardIterator> __pstl::__internal::__enable_if_execution_policy<_ExecutionPolicy, _ForwardIterator> std::uninitialized_copy(_ExecutionPolicy&&, _InputIterator, _InputIterator, _ForwardIterator)'
   22 | uninitialized_copy(_ExecutionPolicy&& __exec, _InputIterator __first, _InputIterator __last, _ForwardIterator __result);
      | ^~~~~~~~~~~~~~~~~~
/usr/local/include/c++/10.3.0/pstl/glue_memory_defs.h:22:1: note:   template argument deduction/substitution failed:
In file included from containers.h:5,
                 from vector_test.cc:6:
vector.h:276:40: note:   deduced conflicting types for parameter '_InputIterator' ('std::__cxx11::basic_string<char>' and 'std::__cxx11::basic_string<char>*')
  276 |                 std::uninitialized_copy(begin(), pos - 1, new_arr);
      |                 ~~~~~~~~~~~~~~~~~~~~~~~^~~~~~~~~~~~~~~~~~~~~~~~~~~
vector.h:277:61: error: no match for 'operator+' (operand types are 'containers::Vector<std::__cxx11::basic_string<char> >::pointer' {aka 'std::__cxx11::basic_string<char>*'} and 'std::__cxx11::basic_string<char>')
  277 |                 std::uninitialized_copy(pos, end(), new_arr + *pos);
      |                                                     ~~~~~~~~^~~~~~
In file included from /usr/local/include/c++/10.3.0/bits/stl_algobase.h:67,
                 from /usr/local/include/c++/10.3.0/memory:63,
                 from /usr/local/include/gtest/gtest.h:54,
                 from vector_test.cc:1:
/usr/local/include/c++/10.3.0/bits/stl_iterator.h:533:5: note: candidate: 'template<class _Iterator> constexpr std::reverse_iterator<_Iterator> std::operator+(typename std::reverse_iterator<_Iterator>::difference_type, const std::reverse_iterator<_Iterator>&)'
  533 |     operator+(typename reverse_iterator<_Iterator>::difference_type __n,
      |     ^~~~~~~~
/usr/local/include/c++/10.3.0/bits/stl_iterator.h:533:5: note:   template argument deduction/substitution failed:
In file included from containers.h:5,
                 from vector_test.cc:6:
vector.h:277:61: note:   'std::__cxx11::basic_string<char>' is not derived from 'const std::reverse_iterator<_Iterator>'
  277 |                 std::uninitialized_copy(pos, end(), new_arr + *pos);
      |                                                     ~~~~~~~~^~~~~~
In file included from /usr/local/include/c++/10.3.0/bits/stl_algobase.h:67,
                 from /usr/local/include/c++/10.3.0/memory:63,
                 from /usr/local/include/gtest/gtest.h:54,
                 from vector_test.cc:1:
/usr/local/include/c++/10.3.0/bits/stl_iterator.h:1578:5: note: candidate: 'template<class _Iterator> constexpr std::move_iterator<_IteratorL> std::operator+(typename std::move_iterator<_IteratorL>::difference_type, const std::move_iterator<_IteratorL>&)'
 1578 |     operator+(typename move_iterator<_Iterator>::difference_type __n,
      |     ^~~~~~~~
/usr/local/include/c++/10.3.0/bits/stl_iterator.h:1578:5: note:   template argument deduction/substitution failed:
In file included from containers.h:5,
                 from vector_test.cc:6:
vector.h:277:61: note:   'std::__cxx11::basic_string<char>' is not derived from 'const std::move_iterator<_IteratorL>'
  277 |                 std::uninitialized_copy(pos, end(), new_arr + *pos);
      |                                                     ~~~~~~~~^~~~~~
In file included from /usr/local/include/c++/10.3.0/string:55,
                 from /usr/local/include/c++/10.3.0/bits/locale_classes.h:40,
                 from /usr/local/include/c++/10.3.0/bits/ios_base.h:41,
                 from /usr/local/include/c++/10.3.0/ios:42,
                 from /usr/local/include/c++/10.3.0/ostream:38,
                 from /usr/local/include/gtest/gtest.h:55,
                 from vector_test.cc:1:
/usr/local/include/c++/10.3.0/bits/basic_string.h:6032:5: note: candidate: 'template<class _CharT, class _Traits, class _Alloc> std::__cxx11::basic_string<_CharT, _Traits, _Allocator> std::operator+(const std::__cxx11::basic_string<_CharT, _Traits, _Allocator>&, const std::__cxx11::basic_string<_CharT, _Traits, _Allocator>&)'
 6032 |     operator+(const basic_string<_CharT, _Traits, _Alloc>& __lhs,
      |     ^~~~~~~~
/usr/local/include/c++/10.3.0/bits/basic_string.h:6032:5: note:   template argument deduction/substitution failed:
In file included from containers.h:5,
                 from vector_test.cc:6:
vector.h:277:61: note:   mismatched types 'const std::__cxx11::basic_string<_CharT, _Traits, _Allocator>' and 'containers::Vector<std::__cxx11::basic_string<char> >::pointer' {aka 'std::__cxx11::basic_string<char>*'}
  277 |                 std::uninitialized_copy(pos, end(), new_arr + *pos);
      |                                                     ~~~~~~~~^~~~~~
In file included from /usr/local/include/c++/10.3.0/string:56,
                 from /usr/local/include/c++/10.3.0/bits/locale_classes.h:40,
                 from /usr/local/include/c++/10.3.0/bits/ios_base.h:41,
                 from /usr/local/include/c++/10.3.0/ios:42,
                 from /usr/local/include/c++/10.3.0/ostream:38,
                 from /usr/local/include/gtest/gtest.h:55,
                 from vector_test.cc:1:
/usr/local/include/c++/10.3.0/bits/basic_string.tcc:1152:5: note: candidate: 'template<class _CharT, class _Traits, class _Alloc> std::__cxx11::basic_string<_CharT, _Traits, _Allocator> std::operator+(const _CharT*, const std::__cxx11::basic_string<_CharT, _Traits, _Allocator>&)'
 1152 |     operator+(const _CharT* __lhs,
      |     ^~~~~~~~
/usr/local/include/c++/10.3.0/bits/basic_string.tcc:1152:5: note:   template argument deduction/substitution failed:
In file included from containers.h:5,
                 from vector_test.cc:6:
vector.h:277:61: note:   deduced conflicting types for parameter '_CharT' ('std::__cxx11::basic_string<char>' and 'char')
  277 |                 std::uninitialized_copy(pos, end(), new_arr + *pos);
      |                                                     ~~~~~~~~^~~~~~
In file included from /usr/local/include/c++/10.3.0/string:56,
                 from /usr/local/include/c++/10.3.0/bits/locale_classes.h:40,
                 from /usr/local/include/c++/10.3.0/bits/ios_base.h:41,
                 from /usr/local/include/c++/10.3.0/ios:42,
                 from /usr/local/include/c++/10.3.0/ostream:38,
                 from /usr/local/include/gtest/gtest.h:55,
                 from vector_test.cc:1:
/usr/local/include/c++/10.3.0/bits/basic_string.tcc:1172:5: note: candidate: 'template<class _CharT, class _Traits, class _Alloc> std::__cxx11::basic_string<_CharT, _Traits, _Allocator> std::operator+(_CharT, const std::__cxx11::basic_string<_CharT, _Traits, _Allocator>&)'
 1172 |     operator+(_CharT __lhs, const basic_string<_CharT, _Traits, _Alloc>& __rhs)
      |     ^~~~~~~~
/usr/local/include/c++/10.3.0/bits/basic_string.tcc:1172:5: note:   template argument deduction/substitution failed:
In file included from containers.h:5,
                 from vector_test.cc:6:
vector.h:277:61: note:   deduced conflicting types for parameter '_CharT' ('std::__cxx11::basic_string<char>*' and 'char')
  277 |                 std::uninitialized_copy(pos, end(), new_arr + *pos);
      |                                                     ~~~~~~~~^~~~~~
In file included from /usr/local/include/c++/10.3.0/string:55,
                 from /usr/local/include/c++/10.3.0/bits/locale_classes.h:40,
                 from /usr/local/include/c++/10.3.0/bits/ios_base.h:41,
                 from /usr/local/include/c++/10.3.0/ios:42,
                 from /usr/local/include/c++/10.3.0/ostream:38,
                 from /usr/local/include/gtest/gtest.h:55,
                 from vector_test.cc:1:
/usr/local/include/c++/10.3.0/bits/basic_string.h:6069:5: note: candidate: 'template<class _CharT, class _Traits, class _Alloc> std::__cxx11::basic_string<_CharT, _Traits, _Allocator> std::operator+(const std::__cxx11::basic_string<_CharT, _Traits, _Allocator>&, const _CharT*)'
 6069 |     operator+(const basic_string<_CharT, _Traits, _Alloc>& __lhs,
      |     ^~~~~~~~
/usr/local/include/c++/10.3.0/bits/basic_string.h:6069:5: note:   template argument deduction/substitution failed:
In file included from containers.h:5,
                 from vector_test.cc:6:
vector.h:277:61: note:   mismatched types 'const std::__cxx11::basic_string<_CharT, _Traits, _Allocator>' and 'containers::Vector<std::__cxx11::basic_string<char> >::pointer' {aka 'std::__cxx11::basic_string<char>*'}
  277 |                 std::uninitialized_copy(pos, end(), new_arr + *pos);
      |                                                     ~~~~~~~~^~~~~~
In file included from /usr/local/include/c++/10.3.0/string:55,
                 from /usr/local/include/c++/10.3.0/bits/locale_classes.h:40,
                 from /usr/local/include/c++/10.3.0/bits/ios_base.h:41,
                 from /usr/local/include/c++/10.3.0/ios:42,
                 from /usr/local/include/c++/10.3.0/ostream:38,
                 from /usr/local/include/gtest/gtest.h:55,
                 from vector_test.cc:1:
/usr/local/include/c++/10.3.0/bits/basic_string.h:6085:5: note: candidate: 'template<class _CharT, class _Traits, class _Alloc> std::__cxx11::basic_string<_CharT, _Traits, _Allocator> std::operator+(const std::__cxx11::basic_string<_CharT, _Traits, _Allocator>&, _CharT)'
 6085 |     operator+(const basic_string<_CharT, _Traits, _Alloc>& __lhs, _CharT __rhs)
      |     ^~~~~~~~
/usr/local/include/c++/10.3.0/bits/basic_string.h:6085:5: note:   template argument deduction/substitution failed:
In file included from containers.h:5,
                 from vector_test.cc:6:
vector.h:277:61: note:   mismatched types 'const std::__cxx11::basic_string<_CharT, _Traits, _Allocator>' and 'containers::Vector<std::__cxx11::basic_string<char> >::pointer' {aka 'std::__cxx11::basic_string<char>*'}
  277 |                 std::uninitialized_copy(pos, end(), new_arr + *pos);
      |                                                     ~~~~~~~~^~~~~~
In file included from /usr/local/include/c++/10.3.0/string:55,
                 from /usr/local/include/c++/10.3.0/bits/locale_classes.h:40,
                 from /usr/local/include/c++/10.3.0/bits/ios_base.h:41,
                 from /usr/local/include/c++/10.3.0/ios:42,
                 from /usr/local/include/c++/10.3.0/ostream:38,
                 from /usr/local/include/gtest/gtest.h:55,
                 from vector_test.cc:1:
/usr/local/include/c++/10.3.0/bits/basic_string.h:6097:5: note: candidate: 'template<class _CharT, class _Traits, class _Alloc> std::__cxx11::basic_string<_CharT, _Traits, _Allocator> std::operator+(std::__cxx11::basic_string<_CharT, _Traits, _Allocator>&&, const std::__cxx11::basic_string<_CharT, _Traits, _Allocator>&)'
 6097 |     operator+(basic_string<_CharT, _Traits, _Alloc>&& __lhs,
      |     ^~~~~~~~
/usr/local/include/c++/10.3.0/bits/basic_string.h:6097:5: note:   template argument deduction/substitution failed:
In file included from containers.h:5,
                 from vector_test.cc:6:
vector.h:277:61: note:   mismatched types 'std::__cxx11::basic_string<_CharT, _Traits, _Allocator>' and 'containers::Vector<std::__cxx11::basic_string<char> >::pointer' {aka 'std::__cxx11::basic_string<char>*'}
  277 |                 std::uninitialized_copy(pos, end(), new_arr + *pos);
      |                                                     ~~~~~~~~^~~~~~
In file included from /usr/local/include/c++/10.3.0/string:55,
                 from /usr/local/include/c++/10.3.0/bits/locale_classes.h:40,
                 from /usr/local/include/c++/10.3.0/bits/ios_base.h:41,
                 from /usr/local/include/c++/10.3.0/ios:42,
                 from /usr/local/include/c++/10.3.0/ostream:38,
                 from /usr/local/include/gtest/gtest.h:55,
                 from vector_test.cc:1:
/usr/local/include/c++/10.3.0/bits/basic_string.h:6103:5: note: candidate: 'template<class _CharT, class _Traits, class _Alloc> std::__cxx11::basic_string<_CharT, _Traits, _Allocator> std::operator+(const std::__cxx11::basic_string<_CharT, _Traits, _Allocator>&, std::__cxx11::basic_string<_CharT, _Traits, _Allocator>&&)'
 6103 |     operator+(const basic_string<_CharT, _Traits, _Alloc>& __lhs,
      |     ^~~~~~~~
/usr/local/include/c++/10.3.0/bits/basic_string.h:6103:5: note:   template argument deduction/substitution failed:
In file included from containers.h:5,
                 from vector_test.cc:6:
vector.h:277:61: note:   mismatched types 'const std::__cxx11::basic_string<_CharT, _Traits, _Allocator>' and 'containers::Vector<std::__cxx11::basic_string<char> >::pointer' {aka 'std::__cxx11::basic_string<char>*'}
  277 |                 std::uninitialized_copy(pos, end(), new_arr + *pos);
      |                                                     ~~~~~~~~^~~~~~
In file included from /usr/local/include/c++/10.3.0/string:55,
                 from /usr/local/include/c++/10.3.0/bits/locale_classes.h:40,
                 from /usr/local/include/c++/10.3.0/bits/ios_base.h:41,
                 from /usr/local/include/c++/10.3.0/ios:42,
                 from /usr/local/include/c++/10.3.0/ostream:38,
                 from /usr/local/include/gtest/gtest.h:55,
                 from vector_test.cc:1:
/usr/local/include/c++/10.3.0/bits/basic_string.h:6109:5: note: candidate: 'template<class _CharT, class _Traits, class _Alloc> std::__cxx11::basic_string<_CharT, _Traits, _Allocator> std::operator+(std::__cxx11::basic_string<_CharT, _Traits, _Allocator>&&, std::__cxx11::basic_string<_CharT, _Traits, _Allocator>&&)'
 6109 |     operator+(basic_string<_CharT, _Traits, _Alloc>&& __lhs,
      |     ^~~~~~~~
/usr/local/include/c++/10.3.0/bits/basic_string.h:6109:5: note:   template argument deduction/substitution failed:
In file included from containers.h:5,
                 from vector_test.cc:6:
vector.h:277:61: note:   mismatched types 'std::__cxx11::basic_string<_CharT, _Traits, _Allocator>' and 'containers::Vector<std::__cxx11::basic_string<char> >::pointer' {aka 'std::__cxx11::basic_string<char>*'}
  277 |                 std::uninitialized_copy(pos, end(), new_arr + *pos);
      |                                                     ~~~~~~~~^~~~~~
In file included from /usr/local/include/c++/10.3.0/string:55,
                 from /usr/local/include/c++/10.3.0/bits/locale_classes.h:40,
                 from /usr/local/include/c++/10.3.0/bits/ios_base.h:41,
                 from /usr/local/include/c++/10.3.0/ios:42,
                 from /usr/local/include/c++/10.3.0/ostream:38,
                 from /usr/local/include/gtest/gtest.h:55,
                 from vector_test.cc:1:
/usr/local/include/c++/10.3.0/bits/basic_string.h:6131:5: note: candidate: 'template<class _CharT, class _Traits, class _Alloc> std::__cxx11::basic_string<_CharT, _Traits, _Allocator> std::operator+(const _CharT*, std::__cxx11::basic_string<_CharT, _Traits, _Allocator>&&)'
 6131 |     operator+(const _CharT* __lhs,
      |     ^~~~~~~~
/usr/local/include/c++/10.3.0/bits/basic_string.h:6131:5: note:   template argument deduction/substitution failed:
In file included from containers.h:5,
                 from vector_test.cc:6:
vector.h:277:61: note:   deduced conflicting types for parameter '_CharT' ('std::__cxx11::basic_string<char>' and 'char')
  277 |                 std::uninitialized_copy(pos, end(), new_arr + *pos);
      |                                                     ~~~~~~~~^~~~~~
In file included from /usr/local/include/c++/10.3.0/string:55,
                 from /usr/local/include/c++/10.3.0/bits/locale_classes.h:40,
                 from /usr/local/include/c++/10.3.0/bits/ios_base.h:41,
                 from /usr/local/include/c++/10.3.0/ios:42,
                 from /usr/local/include/c++/10.3.0/ostream:38,
                 from /usr/local/include/gtest/gtest.h:55,
                 from vector_test.cc:1:
/usr/local/include/c++/10.3.0/bits/basic_string.h:6137:5: note: candidate: 'template<class _CharT, class _Traits, class _Alloc> std::__cxx11::basic_string<_CharT, _Traits, _Allocator> std::operator+(_CharT, std::__cxx11::basic_string<_CharT, _Traits, _Allocator>&&)'
 6137 |     operator+(_CharT __lhs,
      |     ^~~~~~~~
/usr/local/include/c++/10.3.0/bits/basic_string.h:6137:5: note:   template argument deduction/substitution failed:
In file included from containers.h:5,
                 from vector_test.cc:6:
vector.h:277:61: note:   deduced conflicting types for parameter '_CharT' ('std::__cxx11::basic_string<char>*' and 'char')
  277 |                 std::uninitialized_copy(pos, end(), new_arr + *pos);
      |                                                     ~~~~~~~~^~~~~~
In file included from /usr/local/include/c++/10.3.0/string:55,
                 from /usr/local/include/c++/10.3.0/bits/locale_classes.h:40,
                 from /usr/local/include/c++/10.3.0/bits/ios_base.h:41,
                 from /usr/local/include/c++/10.3.0/ios:42,
                 from /usr/local/include/c++/10.3.0/ostream:38,
                 from /usr/local/include/gtest/gtest.h:55,
                 from vector_test.cc:1:
/usr/local/include/c++/10.3.0/bits/basic_string.h:6143:5: note: candidate: 'template<class _CharT, class _Traits, class _Alloc> std::__cxx11::basic_string<_CharT, _Traits, _Allocator> std::operator+(std::__cxx11::basic_string<_CharT, _Traits, _Allocator>&&, const _CharT*)'
 6143 |     operator+(basic_string<_CharT, _Traits, _Alloc>&& __lhs,
      |     ^~~~~~~~
/usr/local/include/c++/10.3.0/bits/basic_string.h:6143:5: note:   template argument deduction/substitution failed:
In file included from containers.h:5,
                 from vector_test.cc:6:
vector.h:277:61: note:   mismatched types 'std::__cxx11::basic_string<_CharT, _Traits, _Allocator>' and 'containers::Vector<std::__cxx11::basic_string<char> >::pointer' {aka 'std::__cxx11::basic_string<char>*'}
  277 |                 std::uninitialized_copy(pos, end(), new_arr + *pos);
      |                                                     ~~~~~~~~^~~~~~
In file included from /usr/local/include/c++/10.3.0/string:55,
                 from /usr/local/include/c++/10.3.0/bits/locale_classes.h:40,
                 from /usr/local/include/c++/10.3.0/bits/ios_base.h:41,
                 from /usr/local/include/c++/10.3.0/ios:42,
                 from /usr/local/include/c++/10.3.0/ostream:38,
                 from /usr/local/include/gtest/gtest.h:55,
                 from vector_test.cc:1:
/usr/local/include/c++/10.3.0/bits/basic_string.h:6149:5: note: candidate: 'template<class _CharT, class _Traits, class _Alloc> std::__cxx11::basic_string<_CharT, _Traits, _Allocator> std::operator+(std::__cxx11::basic_string<_CharT, _Traits, _Allocator>&&, _CharT)'
 6149 |     operator+(basic_string<_CharT, _Traits, _Alloc>&& __lhs,
      |     ^~~~~~~~
/usr/local/include/c++/10.3.0/bits/basic_string.h:6149:5: note:   template argument deduction/substitution failed:
In file included from containers.h:5,
                 from vector_test.cc:6:
vector.h:277:61: note:   mismatched types 'std::__cxx11::basic_string<_CharT, _Traits, _Allocator>' and 'containers::Vector<std::__cxx11::basic_string<char> >::pointer' {aka 'std::__cxx11::basic_string<char>*'}
  277 |                 std::uninitialized_copy(pos, end(), new_arr + *pos);
      |                                                     ~~~~~~~~^~~~~~
In file included from /usr/local/include/c++/10.3.0/bits/stl_algobase.h:67,
                 from /usr/local/include/c++/10.3.0/memory:63,
                 from /usr/local/include/gtest/gtest.h:54,
                 from vector_test.cc:1:
/usr/local/include/c++/10.3.0/bits/stl_iterator.h:1207:5: note: candidate: 'template<class _Iterator, class _Container> __gnu_cxx::__normal_iterator<_Iterator, _Container> __gnu_cxx::operator+(typename __gnu_cxx::__normal_iterator<_Iterator, _Container>::difference_type, const __gnu_cxx::__normal_iterator<_Iterator, _Container>&)'
 1207 |     operator+(typename __normal_iterator<_Iterator, _Container>::difference_type
      |     ^~~~~~~~
/usr/local/include/c++/10.3.0/bits/stl_iterator.h:1207:5: note:   template argument deduction/substitution failed:
In file included from containers.h:5,
                 from vector_test.cc:6:
vector.h:277:61: note:   'std::__cxx11::basic_string<char>' is not derived from 'const __gnu_cxx::__normal_iterator<_Iterator, _Container>'
  277 |                 std::uninitialized_copy(pos, end(), new_arr + *pos);
      |                                                     ~~~~~~~~^~~~~~
vector.h:279:35: error: no matching function for call to 'std::allocator_traits<std::allocator<std::__cxx11::basic_string<char> > >::deallocate(std::allocator<std::__cxx11::basic_string<char> >&, std::__cxx11::basic_string<char>*&)'
  279 |                 traits::deallocate(alloc_, new_arr);
      |                 ~~~~~~~~~~~~~~~~~~^~~~~~~~~~~~~~~~~
In file included from /usr/local/include/c++/10.3.0/ext/alloc_traits.h:34,
                 from /usr/local/include/c++/10.3.0/bits/stl_uninitialized.h:67,
                 from /usr/local/include/c++/10.3.0/memory:66,
                 from /usr/local/include/gtest/gtest.h:54,
                 from vector_test.cc:1:
/usr/local/include/c++/10.3.0/bits/alloc_traits.h:491:7: note: candidate: 'static void std::allocator_traits<std::allocator<_Tp1> >::deallocate(std::allocator_traits<std::allocator<_Tp1> >::allocator_type&, std::allocator_traits<std::allocator<_Tp1> >::pointer, std::allocator_traits<std::allocator<_Tp1> >::size_type) [with _Tp = std::__cxx11::basic_string<char>; std::allocator_traits<std::allocator<_Tp1> >::allocator_type = std::allocator<std::__cxx11::basic_string<char> >; std::allocator_traits<std::allocator<_Tp1> >::pointer = std::__cxx11::basic_string<char>*; std::allocator_traits<std::allocator<_Tp1> >::size_type = long unsigned int]'
  491 |       deallocate(allocator_type& __a, pointer __p, size_type __n)
      |       ^~~~~~~~~~
/usr/local/include/c++/10.3.0/bits/alloc_traits.h:491:7: note:   candidate expects 3 arguments, 2 provided
In file included from containers.h:5,
                 from vector_test.cc:6:
vector.h:283:32: error: no matching function for call to 'std::allocator_traits<std::allocator<std::__cxx11::basic_string<char> > >::destroy(std::allocator<std::__cxx11::basic_string<char> >&, std::__cxx11::basic_string<char>*&, containers::Iterator<std::__cxx11::basic_string<char>, false>&)'
  283 |                 traits::destroy(alloc_, arr_, it);
      |                 ~~~~~~~~~~~~~~~^~~~~~~~~~~~~~~~~~
In file included from /usr/local/include/c++/10.3.0/ext/alloc_traits.h:34,
                 from /usr/local/include/c++/10.3.0/bits/stl_uninitialized.h:67,
                 from /usr/local/include/c++/10.3.0/memory:66,
                 from /usr/local/include/gtest/gtest.h:54,
                 from vector_test.cc:1:
/usr/local/include/c++/10.3.0/bits/alloc_traits.h:527:2: note: candidate: 'template<class _Up> static void std::allocator_traits<std::allocator<_Tp1> >::destroy(std::allocator_traits<std::allocator<_Tp1> >::allocator_type&, _Up*) [with _Up = _Up; _Tp = std::__cxx11::basic_string<char>]'
  527 |  destroy(allocator_type& __a __attribute__((__unused__)), _Up* __p)
      |  ^~~~~~~
/usr/local/include/c++/10.3.0/bits/alloc_traits.h:527:2: note:   template argument deduction/substitution failed:
In file included from containers.h:5,
                 from vector_test.cc:6:
vector.h:283:32: note:   candidate expects 2 arguments, 3 provided
  283 |                 traits::destroy(alloc_, arr_, it);
      |                 ~~~~~~~~~~~~~~~^~~~~~~~~~~~~~~~~~
vector.h: In instantiation of 'const T& containers::Vector<T, Allocator>::back() [with T = int; Allocator = std::allocator<int>; containers::Vector<T, Allocator>::const_reference = const int&]':
vector_test.cc:613:26:   required from here
vector.h:122:20: error: invalid type argument of unary '*' (have 'int')
  122 |             return *(begin() + size_ - 1);
      |                    ^~~~~~~~~~~~~~~~~~~~~~
vector.h: In instantiation of 'bool containers::Vector<T, Allocator>::empty() const [with T = int; Allocator = std::allocator<int>]':
vector_test.cc:639:27:   required from here
vector.h:155:22: error: passing 'const containers::Vector<int>' as 'this' argument discards qualifiers [-fpermissive]
  155 |             if (begin() == end()) {
      |                 ~~~~~^~
vector.h:138:18: note:   in call to 'containers::Vector<T, Allocator>::iterator containers::Vector<T, Allocator>::begin() [with T = int; Allocator = std::allocator<int>; containers::Vector<T, Allocator>::iterator = containers::Iterator<int, false>]'
  138 |         iterator begin() noexcept {
      |                  ^~~~~
vector.h:155:31: error: passing 'const containers::Vector<int>' as 'this' argument discards qualifiers [-fpermissive]
  155 |             if (begin() == end()) {
      |                            ~~~^~
vector.h:146:18: note:   in call to 'containers::Vector<T, Allocator>::iterator containers::Vector<T, Allocator>::end() [with T = int; Allocator = std::allocator<int>; containers::Vector<T, Allocator>::iterator = containers::Iterator<int, false>]'
  146 |         iterator end() noexcept {
      |                  ^~~
vector.h: In instantiation of 'void containers::Vector<T, Allocator>::reserve(containers::Vector<T, Allocator>::size_type) [with T = int; Allocator = std::allocator<int>; containers::Vector<T, Allocator>::size_type = long unsigned int]':
vector_test.cc:713:14:   required from here
vector.h:187:25: error: invalid use of member function 'containers::Vector<T, Allocator>::size_type containers::Vector<T, Allocator>::capacity() const [with T = int; Allocator = std::allocator<int>; containers::Vector<T, Allocator>::size_type = long unsigned int]' (did you forget the '()' ?)
  187 |             if (size <= capacity) {
      |                         ^~~~~~~~
      |                                 ()
vector.h:197:32: error: no matching function for call to 'std::allocator_traits<std::allocator<int> >::destroy(containers::Vector<int>::iterator, containers::Vector<int>::iterator)'
  197 |                 traits::destroy(begin(), end());
      |                 ~~~~~~~~~~~~~~~^~~~~~~~~~~~~~~~
In file included from /usr/local/include/c++/10.3.0/ext/alloc_traits.h:34,
                 from /usr/local/include/c++/10.3.0/bits/stl_uninitialized.h:67,
                 from /usr/local/include/c++/10.3.0/memory:66,
                 from /usr/local/include/gtest/gtest.h:54,
                 from vector_test.cc:1:
/usr/local/include/c++/10.3.0/bits/alloc_traits.h:527:2: note: candidate: 'template<class _Up> static void std::allocator_traits<std::allocator<_Tp1> >::destroy(std::allocator_traits<std::allocator<_Tp1> >::allocator_type&, _Up*) [with _Up = _Up; _Tp = int]'
  527 |  destroy(allocator_type& __a __attribute__((__unused__)), _Up* __p)
      |  ^~~~~~~
/usr/local/include/c++/10.3.0/bits/alloc_traits.h:527:2: note:   template argument deduction/substitution failed:
In file included from containers.h:5,
                 from vector_test.cc:6:
vector.h:197:32: note:   mismatched types '_Up*' and 'containers::Iterator<int, false>'
  197 |                 traits::destroy(begin(), end());
      |                 ~~~~~~~~~~~~~~~^~~~~~~~~~~~~~~~
vector.h:203:32: error: no matching function for call to 'std::allocator_traits<std::allocator<int> >::destroy(int*&, containers::Vector<int>::pointer)'
  203 |                 traits::destroy(new_data, new_data + size);
      |                 ~~~~~~~~~~~~~~~^~~~~~~~~~~~~~~~~~~~~~~~~~~
In file included from /usr/local/include/c++/10.3.0/ext/alloc_traits.h:34,
                 from /usr/local/include/c++/10.3.0/bits/stl_uninitialized.h:67,
                 from /usr/local/include/c++/10.3.0/memory:66,
                 from /usr/local/include/gtest/gtest.h:54,
                 from vector_test.cc:1:
/usr/local/include/c++/10.3.0/bits/alloc_traits.h:527:2: note: candidate: 'template<class _Up> static void std::allocator_traits<std::allocator<_Tp1> >::destroy(std::allocator_traits<std::allocator<_Tp1> >::allocator_type&, _Up*) [with _Up = _Up; _Tp = int]'
  527 |  destroy(allocator_type& __a __attribute__((__unused__)), _Up* __p)
      |  ^~~~~~~
/usr/local/include/c++/10.3.0/bits/alloc_traits.h:527:2: note:   template argument deduction/substitution failed:
In file included from containers.h:5,
                 from vector_test.cc:6:
vector.h:203:33: note:   cannot convert 'new_data' (type 'containers::Vector<int>::pointer' {aka 'int*'}) to type 'std::allocator_traits<std::allocator<int> >::allocator_type&' {aka 'std::allocator<int>&'}
  203 |                 traits::destroy(new_data, new_data + size);
      |                                 ^~~~~~~~
vector.h: In instantiation of 'containers::Vector<T, Allocator>& containers::Vector<T, Allocator>::operator=(containers::Vector<T, Allocator>&&) [with T = int; Allocator = std::allocator<int>]':
vector_test.cc:810:19:   required from here
vector.h:78:21: error: no matching function for call to 'swap(containers::Vector<int>&)'
   78 |                 swap(new_vector);
      |                 ~~~~^~~~~~~~~~~~
In file included from /usr/local/include/gtest/gtest-message.h:53,
                 from /usr/local/include/gtest/gtest-assertion-result.h:46,
                 from /usr/local/include/gtest/gtest.h:59,
                 from vector_test.cc:1:
/usr/local/include/c++/10.3.0/sstream:849:5: note: candidate: 'template<class _CharT, class _Traits, class _Allocator> void std::__cxx11::swap(std::__cxx11::basic_stringbuf<_CharT, _Traits, _Alloc>&, std::__cxx11::basic_stringbuf<_CharT, _Traits, _Alloc>&)'
  849 |     swap(basic_stringbuf<_CharT, _Traits, _Allocator>& __x,
      |     ^~~~
/usr/local/include/c++/10.3.0/sstream:849:5: note:   template argument deduction/substitution failed:
In file included from containers.h:5,
                 from vector_test.cc:6:
vector.h:78:21: note:   'containers::Vector<int>' is not derived from 'std::__cxx11::basic_stringbuf<_CharT, _Traits, _Alloc>'
   78 |                 swap(new_vector);
      |                 ~~~~^~~~~~~~~~~~
In file included from /usr/local/include/gtest/gtest-message.h:53,
                 from /usr/local/include/gtest/gtest-assertion-result.h:46,
                 from /usr/local/include/gtest/gtest.h:59,
                 from vector_test.cc:1:
/usr/local/include/c++/10.3.0/sstream:856:5: note: candidate: 'template<class _CharT, class _Traits, class _Allocator> void std::__cxx11::swap(std::__cxx11::basic_istringstream<_CharT, _Traits, _Allocator>&, std::__cxx11::basic_istringstream<_CharT, _Traits, _Allocator>&)'
  856 |     swap(basic_istringstream<_CharT, _Traits, _Allocator>& __x,
      |     ^~~~
/usr/local/include/c++/10.3.0/sstream:856:5: note:   template argument deduction/substitution failed:
In file included from containers.h:5,
                 from vector_test.cc:6:
vector.h:78:21: note:   'containers::Vector<int>' is not derived from 'std::__cxx11::basic_istringstream<_CharT, _Traits, _Allocator>'
   78 |                 swap(new_vector);
      |                 ~~~~^~~~~~~~~~~~
In file included from /usr/local/include/gtest/gtest-message.h:53,
                 from /usr/local/include/gtest/gtest-assertion-result.h:46,
                 from /usr/local/include/gtest/gtest.h:59,
                 from vector_test.cc:1:
/usr/local/include/c++/10.3.0/sstream:863:5: note: candidate: 'template<class _CharT, class _Traits, class _Allocator> void std::__cxx11::swap(std::__cxx11::basic_ostringstream<_CharT, _Traits, _Allocator>&, std::__cxx11::basic_ostringstream<_CharT, _Traits, _Allocator>&)'
  863 |     swap(basic_ostringstream<_CharT, _Traits, _Allocator>& __x,
      |     ^~~~
/usr/local/include/c++/10.3.0/sstream:863:5: note:   template argument deduction/substitution failed:
In file included from containers.h:5,
                 from vector_test.cc:6:
vector.h:78:21: note:   'containers::Vector<int>' is not derived from 'std::__cxx11::basic_ostringstream<_CharT, _Traits, _Allocator>'
   78 |                 swap(new_vector);
      |                 ~~~~^~~~~~~~~~~~
In file included from /usr/local/include/gtest/gtest-message.h:53,
                 from /usr/local/include/gtest/gtest-assertion-result.h:46,
                 from /usr/local/include/gtest/gtest.h:59,
                 from vector_test.cc:1:
/usr/local/include/c++/10.3.0/sstream:870:5: note: candidate: 'template<class _CharT, class _Traits, class _Allocator> void std::__cxx11::swap(std::__cxx11::basic_stringstream<_CharT, _Traits, _Allocator>&, std::__cxx11::basic_stringstream<_CharT, _Traits, _Allocator>&)'
  870 |     swap(basic_stringstream<_CharT, _Traits, _Allocator>& __x,
      |     ^~~~
/usr/local/include/c++/10.3.0/sstream:870:5: note:   template argument deduction/substitution failed:
In file included from containers.h:5,
                 from vector_test.cc:6:
vector.h:78:21: note:   'containers::Vector<int>' is not derived from 'std::__cxx11::basic_stringstream<_CharT, _Traits, _Allocator>'
   78 |                 swap(new_vector);
      |                 ~~~~^~~~~~~~~~~~
In file included from /usr/local/include/c++/10.3.0/bits/stl_pair.h:59,
                 from /usr/local/include/c++/10.3.0/bits/stl_algobase.h:64,
                 from /usr/local/include/c++/10.3.0/memory:63,
                 from /usr/local/include/gtest/gtest.h:54,
                 from vector_test.cc:1:
/usr/local/include/c++/10.3.0/bits/move.h:189:5: note: candidate: 'template<class _Tp> std::_Require<std::__not_<std::__is_tuple_like<_Tp> >, std::is_move_constructible<_Tp>, std::is_move_assignable<_Tp> > std::swap(_Tp&, _Tp&)'
  189 |     swap(_Tp& __a, _Tp& __b)
      |     ^~~~
/usr/local/include/c++/10.3.0/bits/move.h:189:5: note:   template argument deduction/substitution failed:
In file included from containers.h:5,
                 from vector_test.cc:6:
vector.h:78:21: note:   candidate expects 2 arguments, 1 provided
   78 |                 swap(new_vector);
      |                 ~~~~^~~~~~~~~~~~
In file included from /usr/local/include/c++/10.3.0/bits/stl_pair.h:59,
                 from /usr/local/include/c++/10.3.0/bits/stl_algobase.h:64,
                 from /usr/local/include/c++/10.3.0/memory:63,
                 from /usr/local/include/gtest/gtest.h:54,
                 from vector_test.cc:1:
/usr/local/include/c++/10.3.0/bits/move.h:213:5: note: candidate: 'template<class _Tp, long unsigned int _Nm> std::__enable_if_t<std::__is_swappable<_Tp>::value> std::swap(_Tp (&)[_Nm], _Tp (&)[_Nm])'
  213 |     swap(_Tp (&__a)[_Nm], _Tp (&__b)[_Nm])
      |     ^~~~
/usr/local/include/c++/10.3.0/bits/move.h:213:5: note:   template argument deduction/substitution failed:
In file included from containers.h:5,
                 from vector_test.cc:6:
vector.h:78:21: note:   mismatched types '_Tp [_Nm]' and 'containers::Vector<int>'
   78 |                 swap(new_vector);
      |                 ~~~~^~~~~~~~~~~~
In file included from /usr/local/include/c++/10.3.0/bits/stl_algobase.h:64,
                 from /usr/local/include/c++/10.3.0/memory:63,
                 from /usr/local/include/gtest/gtest.h:54,
                 from vector_test.cc:1:
/usr/local/include/c++/10.3.0/bits/stl_pair.h:533:5: note: candidate: 'template<class _T1, class _T2> typename std::enable_if<std::__and_<std::__is_swappable<_T1>, std::__is_swappable<_T2> >::value>::type std::swap(std::pair<_T1, _T2>&, std::pair<_T1, _T2>&)'
  533 |     swap(pair<_T1, _T2>& __x, pair<_T1, _T2>& __y)
      |     ^~~~
/usr/local/include/c++/10.3.0/bits/stl_pair.h:533:5: note:   template argument deduction/substitution failed:
In file included from containers.h:5,
                 from vector_test.cc:6:
vector.h:78:21: note:   'containers::Vector<int>' is not derived from 'std::pair<_T1, _T2>'
   78 |                 swap(new_vector);
      |                 ~~~~^~~~~~~~~~~~
In file included from /usr/local/include/c++/10.3.0/bits/stl_algobase.h:64,
                 from /usr/local/include/c++/10.3.0/memory:63,
                 from /usr/local/include/gtest/gtest.h:54,
                 from vector_test.cc:1:
/usr/local/include/c++/10.3.0/bits/stl_pair.h:541:5: note: candidate: 'template<class _T1, class _T2> typename std::enable_if<(! std::__and_<std::__is_swappable<_T1>, std::__is_swappable<_T2> >::value)>::type std::swap(std::pair<_T1, _T2>&, std::pair<_T1, _T2>&)' (deleted)
  541 |     swap(pair<_T1, _T2>&, pair<_T1, _T2>&) = delete;
      |     ^~~~
/usr/local/include/c++/10.3.0/bits/stl_pair.h:541:5: note:   template argument deduction/substitution failed:
In file included from containers.h:5,
                 from vector_test.cc:6:
vector.h:78:21: note:   'containers::Vector<int>' is not derived from 'std::pair<_T1, _T2>'
   78 |                 swap(new_vector);
      |                 ~~~~^~~~~~~~~~~~
In file included from /usr/local/include/c++/10.3.0/tuple:39,
                 from /usr/local/include/c++/10.3.0/bits/unique_ptr.h:37,
                 from /usr/local/include/c++/10.3.0/memory:83,
                 from /usr/local/include/gtest/gtest.h:54,
                 from vector_test.cc:1:
/usr/local/include/c++/10.3.0/array:325:5: note: candidate: 'template<class _Tp, long unsigned int _Nm> typename std::enable_if<typename std::__array_traits<_Tp, _Nm>::_Is_swappable::value>::type std::swap(std::array<_Tp, _Nm>&, std::array<_Tp, _Nm>&)'
  325 |     swap(array<_Tp, _Nm>& __one, array<_Tp, _Nm>& __two)
      |     ^~~~
/usr/local/include/c++/10.3.0/array:325:5: note:   template argument deduction/substitution failed:
In file included from containers.h:5,
                 from vector_test.cc:6:
vector.h:78:21: note:   'containers::Vector<int>' is not derived from 'std::array<_Tp, _Nm>'
   78 |                 swap(new_vector);
      |                 ~~~~^~~~~~~~~~~~
In file included from /usr/local/include/c++/10.3.0/tuple:39,
                 from /usr/local/include/c++/10.3.0/bits/unique_ptr.h:37,
                 from /usr/local/include/c++/10.3.0/memory:83,
                 from /usr/local/include/gtest/gtest.h:54,
                 from vector_test.cc:1:
/usr/local/include/c++/10.3.0/array:333:5: note: candidate: 'template<class _Tp, long unsigned int _Nm> typename std::enable_if<(! typename std::__array_traits<_Tp, _Nm>::_Is_swappable::value)>::type std::swap(std::array<_Tp, _Nm>&, std::array<_Tp, _Nm>&)' (deleted)
  333 |     swap(array<_Tp, _Nm>&, array<_Tp, _Nm>&) = delete;
      |     ^~~~
/usr/local/include/c++/10.3.0/array:333:5: note:   template argument deduction/substitution failed:
In file included from containers.h:5,
                 from vector_test.cc:6:
vector.h:78:21: note:   'containers::Vector<int>' is not derived from 'std::array<_Tp, _Nm>'
   78 |                 swap(new_vector);
      |                 ~~~~^~~~~~~~~~~~
In file included from /usr/local/include/c++/10.3.0/bits/unique_ptr.h:37,
                 from /usr/local/include/c++/10.3.0/memory:83,
                 from /usr/local/include/gtest/gtest.h:54,
                 from vector_test.cc:1:
/usr/local/include/c++/10.3.0/tuple:1633:5: note: candidate: 'template<class ... _Elements> typename std::enable_if<std::__and_<std::__is_swappable<_Elements>...>::value>::type std::swap(std::tuple<_Tps ...>&, std::tuple<_Tps ...>&)'
 1633 |     swap(tuple<_Elements...>& __x, tuple<_Elements...>& __y)
      |     ^~~~
/usr/local/include/c++/10.3.0/tuple:1633:5: note:   template argument deduction/substitution failed:
In file included from containers.h:5,
                 from vector_test.cc:6:
vector.h:78:21: note:   'containers::Vector<int>' is not derived from 'std::tuple<_Tps ...>'
   78 |                 swap(new_vector);
      |                 ~~~~^~~~~~~~~~~~
In file included from /usr/local/include/c++/10.3.0/bits/unique_ptr.h:37,
                 from /usr/local/include/c++/10.3.0/memory:83,
                 from /usr/local/include/gtest/gtest.h:54,
                 from vector_test.cc:1:
/usr/local/include/c++/10.3.0/tuple:1641:5: note: candidate: 'template<class ... _Elements> typename std::enable_if<(! std::__and_<std::__is_swappable<_Elements>...>::value)>::type std::swap(std::tuple<_Tps ...>&, std::tuple<_Tps ...>&)' (deleted)
 1641 |     swap(tuple<_Elements...>&, tuple<_Elements...>&) = delete;
      |     ^~~~
/usr/local/include/c++/10.3.0/tuple:1641:5: note:   template argument deduction/substitution failed:
In file included from containers.h:5,
                 from vector_test.cc:6:
vector.h:78:21: note:   'containers::Vector<int>' is not derived from 'std::tuple<_Tps ...>'
   78 |                 swap(new_vector);
      |                 ~~~~^~~~~~~~~~~~
In file included from /usr/local/include/c++/10.3.0/memory:83,
                 from /usr/local/include/gtest/gtest.h:54,
                 from vector_test.cc:1:
/usr/local/include/c++/10.3.0/bits/unique_ptr.h:738:5: note: candidate: 'template<class _Tp, class _Dp> typename std::enable_if<std::__is_swappable<_T2>::value>::type std::swap(std::unique_ptr<_Tp, _Dp>&, std::unique_ptr<_Tp, _Dp>&)'
  738 |     swap(unique_ptr<_Tp, _Dp>& __x,
      |     ^~~~
/usr/local/include/c++/10.3.0/bits/unique_ptr.h:738:5: note:   template argument deduction/substitution failed:
In file included from containers.h:5,
                 from vector_test.cc:6:
vector.h:78:21: note:   'containers::Vector<int>' is not derived from 'std::unique_ptr<_Tp, _Dp>'
   78 |                 swap(new_vector);
      |                 ~~~~^~~~~~~~~~~~
In file included from /usr/local/include/c++/10.3.0/memory:83,
                 from /usr/local/include/gtest/gtest.h:54,
                 from vector_test.cc:1:
/usr/local/include/c++/10.3.0/bits/unique_ptr.h:745:5: note: candidate: 'template<class _Tp, class _Dp> typename std::enable_if<(! std::__is_swappable<_T2>::value)>::type std::swap(std::unique_ptr<_Tp, _Dp>&, std::unique_ptr<_Tp, _Dp>&)' (deleted)
  745 |     swap(unique_ptr<_Tp, _Dp>&,
      |     ^~~~
/usr/local/include/c++/10.3.0/bits/unique_ptr.h:745:5: note:   template argument deduction/substitution failed:
In file included from containers.h:5,
                 from vector_test.cc:6:
vector.h:78:21: note:   'containers::Vector<int>' is not derived from 'std::unique_ptr<_Tp, _Dp>'
   78 |                 swap(new_vector);
      |                 ~~~~^~~~~~~~~~~~
In file included from /usr/local/include/c++/10.3.0/bits/shared_ptr.h:52,
                 from /usr/local/include/c++/10.3.0/memory:84,
                 from /usr/local/include/gtest/gtest.h:54,
                 from vector_test.cc:1:
/usr/local/include/c++/10.3.0/bits/shared_ptr_base.h:1563:5: note: candidate: 'template<class _Tp, __gnu_cxx::_Lock_policy _Lp> void std::swap(std::__shared_ptr<_Tp, _Lp>&, std::__shared_ptr<_Tp, _Lp>&)'
 1563 |     swap(__shared_ptr<_Tp, _Lp>& __a, __shared_ptr<_Tp, _Lp>& __b) noexcept
      |     ^~~~
/usr/local/include/c++/10.3.0/bits/shared_ptr_base.h:1563:5: note:   template argument deduction/substitution failed:
In file included from containers.h:5,
                 from vector_test.cc:6:
vector.h:78:21: note:   'containers::Vector<int>' is not derived from 'std::__shared_ptr<_Tp, _Lp>'
   78 |                 swap(new_vector);
      |                 ~~~~^~~~~~~~~~~~
In file included from /usr/local/include/c++/10.3.0/bits/shared_ptr.h:52,
                 from /usr/local/include/c++/10.3.0/memory:84,
                 from /usr/local/include/gtest/gtest.h:54,
                 from vector_test.cc:1:
/usr/local/include/c++/10.3.0/bits/shared_ptr_base.h:1771:5: note: candidate: 'template<class _Tp, __gnu_cxx::_Lock_policy _Lp> void std::swap(std::__weak_ptr<_Tp, _Lp>&, std::__weak_ptr<_Tp, _Lp>&)'
 1771 |     swap(__weak_ptr<_Tp, _Lp>& __a, __weak_ptr<_Tp, _Lp>& __b) noexcept
      |     ^~~~
/usr/local/include/c++/10.3.0/bits/shared_ptr_base.h:1771:5: note:   template argument deduction/substitution failed:
In file included from containers.h:5,
                 from vector_test.cc:6:
vector.h:78:21: note:   'containers::Vector<int>' is not derived from 'std::__weak_ptr<_Tp, _Lp>'
   78 |                 swap(new_vector);
      |                 ~~~~^~~~~~~~~~~~
In file included from /usr/local/include/c++/10.3.0/memory:84,
                 from /usr/local/include/gtest/gtest.h:54,
                 from vector_test.cc:1:
/usr/local/include/c++/10.3.0/bits/shared_ptr.h:573:5: note: candidate: 'template<class _Tp> void std::swap(std::shared_ptr<_Tp>&, std::shared_ptr<_Tp>&)'
  573 |     swap(shared_ptr<_Tp>& __a, shared_ptr<_Tp>& __b) noexcept
      |     ^~~~
/usr/local/include/c++/10.3.0/bits/shared_ptr.h:573:5: note:   template argument deduction/substitution failed:
In file included from containers.h:5,
                 from vector_test.cc:6:
vector.h:78:21: note:   'containers::Vector<int>' is not derived from 'std::shared_ptr<_Tp>'
   78 |                 swap(new_vector);
      |                 ~~~~^~~~~~~~~~~~
In file included from /usr/local/include/c++/10.3.0/memory:84,
                 from /usr/local/include/gtest/gtest.h:54,
                 from vector_test.cc:1:
/usr/local/include/c++/10.3.0/bits/shared_ptr.h:762:5: note: candidate: 'template<class _Tp> void std::swap(std::weak_ptr<_Tp>&, std::weak_ptr<_Tp>&)'
  762 |     swap(weak_ptr<_Tp>& __a, weak_ptr<_Tp>& __b) noexcept
      |     ^~~~
/usr/local/include/c++/10.3.0/bits/shared_ptr.h:762:5: note:   template argument deduction/substitution failed:
In file included from containers.h:5,
                 from vector_test.cc:6:
vector.h:78:21: note:   'containers::Vector<int>' is not derived from 'std::weak_ptr<_Tp>'
   78 |                 swap(new_vector);
      |                 ~~~~^~~~~~~~~~~~
In file included from /usr/local/include/c++/10.3.0/string:55,
                 from /usr/local/include/c++/10.3.0/bits/locale_classes.h:40,
                 from /usr/local/include/c++/10.3.0/bits/ios_base.h:41,
                 from /usr/local/include/c++/10.3.0/ios:42,
                 from /usr/local/include/c++/10.3.0/ostream:38,
                 from /usr/local/include/gtest/gtest.h:55,
                 from vector_test.cc:1:
/usr/local/include/c++/10.3.0/bits/basic_string.h:6430:5: note: candidate: 'template<class _CharT, class _Traits, class _Alloc> void std::swap(std::__cxx11::basic_string<_CharT, _Traits, _Allocator>&, std::__cxx11::basic_string<_CharT, _Traits, _Allocator>&)'
 6430 |     swap(basic_string<_CharT, _Traits, _Alloc>& __lhs,
      |     ^~~~
/usr/local/include/c++/10.3.0/bits/basic_string.h:6430:5: note:   template argument deduction/substitution failed:
In file included from containers.h:5,
                 from vector_test.cc:6:
vector.h:78:21: note:   'containers::Vector<int>' is not derived from 'std::__cxx11::basic_string<_CharT, _Traits, _Allocator>'
   78 |                 swap(new_vector);
      |                 ~~~~^~~~~~~~~~~~
In file included from /usr/local/include/c++/10.3.0/vector:67,
                 from /usr/local/include/gtest/gtest.h:57,
                 from vector_test.cc:1:
/usr/local/include/c++/10.3.0/bits/stl_vector.h:1962:5: note: candidate: 'template<class _Tp, class _Alloc> void std::swap(std::vector<_Tp, _Alloc>&, std::vector<_Tp, _Alloc>&)'
 1962 |     swap(vector<_Tp, _Alloc>& __x, vector<_Tp, _Alloc>& __y)
      |     ^~~~
/usr/local/include/c++/10.3.0/bits/stl_vector.h:1962:5: note:   template argument deduction/substitution failed:
In file included from containers.h:5,
                 from vector_test.cc:6:
vector.h:78:21: note:   'containers::Vector<int>' is not derived from 'std::vector<_Tp, _Alloc>'
   78 |                 swap(new_vector);
      |                 ~~~~^~~~~~~~~~~~
In file included from /usr/local/include/c++/10.3.0/vector:68,
                 from /usr/local/include/gtest/gtest.h:57,
                 from vector_test.cc:1:
/usr/local/include/c++/10.3.0/bits/stl_bvector.h:118:3: note: candidate: 'void std::swap(std::_Bit_reference, std::_Bit_reference)'
  118 |   swap(_Bit_reference __x, _Bit_reference __y) noexcept
      |   ^~~~
/usr/local/include/c++/10.3.0/bits/stl_bvector.h:118:3: note:   candidate expects 2 arguments, 1 provided
/usr/local/include/c++/10.3.0/bits/stl_bvector.h:126:3: note: candidate: 'void std::swap(std::_Bit_reference, bool&)'
  126 |   swap(_Bit_reference __x, bool& __y) noexcept
      |   ^~~~
/usr/local/include/c++/10.3.0/bits/stl_bvector.h:126:3: note:   candidate expects 2 arguments, 1 provided
/usr/local/include/c++/10.3.0/bits/stl_bvector.h:134:3: note: candidate: 'void std::swap(bool&, std::_Bit_reference)'
  134 |   swap(bool& __x, _Bit_reference __y) noexcept
      |   ^~~~
/usr/local/include/c++/10.3.0/bits/stl_bvector.h:134:3: note:   candidate expects 2 arguments, 1 provided
In file included from /usr/local/include/c++/10.3.0/condition_variable:41,
                 from /usr/local/include/gtest/internal/gtest-port.h:756,
                 from /usr/local/include/gtest/gtest-message.h:55,
                 from /usr/local/include/gtest/gtest-assertion-result.h:46,
                 from /usr/local/include/gtest/gtest.h:59,
                 from vector_test.cc:1:
/usr/local/include/c++/10.3.0/bits/unique_lock.h:235:5: note: candidate: 'template<class _Mutex> void std::swap(std::unique_lock<_Mutex>&, std::unique_lock<_Mutex>&)'
  235 |     swap(unique_lock<_Mutex>& __x, unique_lock<_Mutex>& __y) noexcept
      |     ^~~~
/usr/local/include/c++/10.3.0/bits/unique_lock.h:235:5: note:   template argument deduction/substitution failed:
In file included from containers.h:5,
                 from vector_test.cc:6:
vector.h:78:21: note:   'containers::Vector<int>' is not derived from 'std::unique_lock<_Mutex>'
   78 |                 swap(new_vector);
      |                 ~~~~^~~~~~~~~~~~
In file included from /usr/local/include/c++/10.3.0/mutex:47,
                 from /usr/local/include/gtest/internal/gtest-port.h:757,
                 from /usr/local/include/gtest/gtest-message.h:55,
                 from /usr/local/include/gtest/gtest-assertion-result.h:46,
                 from /usr/local/include/gtest/gtest.h:59,
                 from vector_test.cc:1:
/usr/local/include/c++/10.3.0/thread:292:3: note: candidate: 'void std::swap(std::thread&, std::thread&)'
  292 |   swap(thread& __x, thread& __y) noexcept
      |   ^~~~
/usr/local/include/c++/10.3.0/thread:292:3: note:   candidate expects 2 arguments, 1 provided
In file included from /usr/local/include/c++/10.3.0/mutex:50,
                 from /usr/local/include/gtest/internal/gtest-port.h:757,
                 from /usr/local/include/gtest/gtest-message.h:55,
                 from /usr/local/include/gtest/gtest-assertion-result.h:46,
                 from /usr/local/include/gtest/gtest.h:59,
                 from vector_test.cc:1:
/usr/local/include/c++/10.3.0/bits/std_function.h:720:5: note: candidate: 'template<class _Res, class ... _Args> void std::swap(std::function<_Res(_ArgTypes ...)>&, std::function<_Res(_ArgTypes ...)>&)'
  720 |     swap(function<_Res(_Args...)>& __x, function<_Res(_Args...)>& __y) noexcept
      |     ^~~~
/usr/local/include/c++/10.3.0/bits/std_function.h:720:5: note:   template argument deduction/substitution failed:
In file included from containers.h:5,
                 from vector_test.cc:6:
vector.h:78:21: note:   'containers::Vector<int>' is not derived from 'std::function<_Res(_ArgTypes ...)>'
   78 |                 swap(new_vector);
      |                 ~~~~^~~~~~~~~~~~
In file included from /usr/local/include/gtest/internal/gtest-port.h:2266,
                 from /usr/local/include/gtest/gtest-message.h:55,
                 from /usr/local/include/gtest/gtest-assertion-result.h:46,
                 from /usr/local/include/gtest/gtest.h:59,
                 from vector_test.cc:1:
/usr/local/include/c++/10.3.0/any:412:15: note: candidate: 'void std::swap(std::any&, std::any&)'
  412 |   inline void swap(any& __x, any& __y) noexcept { __x.swap(__y); }
      |               ^~~~
/usr/local/include/c++/10.3.0/any:412:15: note:   candidate expects 2 arguments, 1 provided
In file included from /usr/local/include/gtest/internal/gtest-port.h:2296,
                 from /usr/local/include/gtest/gtest-message.h:55,
                 from /usr/local/include/gtest/gtest-assertion-result.h:46,
                 from /usr/local/include/gtest/gtest.h:59,
                 from vector_test.cc:1:
/usr/local/include/c++/10.3.0/optional:1225:5: note: candidate: 'template<class _Tp> std::enable_if_t<(is_move_constructible_v<_Tp> && is_swappable_v<_Tp>)> std::swap(std::optional<_Tp>&, std::optional<_Tp>&)'
 1225 |     swap(optional<_Tp>& __lhs, optional<_Tp>& __rhs)
      |     ^~~~
/usr/local/include/c++/10.3.0/optional:1225:5: note:   template argument deduction/substitution failed:
In file included from containers.h:5,
                 from vector_test.cc:6:
vector.h:78:21: note:   'containers::Vector<int>' is not derived from 'std::optional<_Tp>'
   78 |                 swap(new_vector);
      |                 ~~~~^~~~~~~~~~~~
In file included from /usr/local/include/gtest/internal/gtest-port.h:2296,
                 from /usr/local/include/gtest/gtest-message.h:55,
                 from /usr/local/include/gtest/gtest-assertion-result.h:46,
                 from /usr/local/include/gtest/gtest.h:59,
                 from vector_test.cc:1:
/usr/local/include/c++/10.3.0/optional:1231:5: note: candidate: 'template<class _Tp> std::enable_if_t<(!(is_move_constructible_v<_Tp> && is_swappable_v<_Tp>))> std::swap(std::optional<_Tp>&, std::optional<_Tp>&)' (deleted)
 1231 |     swap(optional<_Tp>&, optional<_Tp>&) = delete;
      |     ^~~~
/usr/local/include/c++/10.3.0/optional:1231:5: note:   template argument deduction/substitution failed:
In file included from containers.h:5,
                 from vector_test.cc:6:
vector.h:78:21: note:   'containers::Vector<int>' is not derived from 'std::optional<_Tp>'
   78 |                 swap(new_vector);
      |                 ~~~~^~~~~~~~~~~~
In file included from /usr/local/include/gtest/internal/gtest-port.h:2355,
                 from /usr/local/include/gtest/gtest-message.h:55,
                 from /usr/local/include/gtest/gtest-assertion-result.h:46,
                 from /usr/local/include/gtest/gtest.h:59,
                 from vector_test.cc:1:
/usr/local/include/c++/10.3.0/variant:1246:5: note: candidate: 'template<class ... _Types> std::enable_if_t<((is_move_constructible_v<_Types> && ...) && (is_swappable_v<_Types> && ...))> std::swap(std::variant<_Types ...>&, std::variant<_Types ...>&)'
 1246 |     swap(variant<_Types...>& __lhs, variant<_Types...>& __rhs)
      |     ^~~~
/usr/local/include/c++/10.3.0/variant:1246:5: note:   template argument deduction/substitution failed:
In file included from containers.h:5,
                 from vector_test.cc:6:
vector.h:78:21: note:   'containers::Vector<int>' is not derived from 'std::variant<_Types ...>'
   78 |                 swap(new_vector);
      |                 ~~~~^~~~~~~~~~~~
In file included from /usr/local/include/gtest/internal/gtest-port.h:2355,
                 from /usr/local/include/gtest/gtest-message.h:55,
                 from /usr/local/include/gtest/gtest-assertion-result.h:46,
                 from /usr/local/include/gtest/gtest.h:59,
                 from vector_test.cc:1:
/usr/local/include/c++/10.3.0/variant:1253:5: note: candidate: 'template<class ... _Types> std::enable_if_t<(!((is_move_constructible_v<_Types> && ...) && (is_swappable_v<_Types> && ...)))> std::swap(std::variant<_Types ...>&, std::variant<_Types ...>&)' (deleted)
 1253 |     swap(variant<_Types...>&, variant<_Types...>&) = delete;
      |     ^~~~
/usr/local/include/c++/10.3.0/variant:1253:5: note:   template argument deduction/substitution failed:
In file included from containers.h:5,
                 from vector_test.cc:6:
vector.h:78:21: note:   'containers::Vector<int>' is not derived from 'std::variant<_Types ...>'
   78 |                 swap(new_vector);
      |                 ~~~~^~~~~~~~~~~~
In file included from /usr/local/include/c++/10.3.0/unordered_map:47,
                 from /usr/local/include/c++/10.3.0/functional:61,
                 from /usr/local/include/gtest/gtest-printers.h:104,
                 from /usr/local/include/gtest/gtest-matchers.h:48,
                 from /usr/local/include/gtest/internal/gtest-death-test-internal.h:42,
                 from /usr/local/include/gtest/gtest-death-test.h:43,
                 from /usr/local/include/gtest/gtest.h:60,
                 from vector_test.cc:1:
/usr/local/include/c++/10.3.0/bits/unordered_map.h:2076:5: note: candidate: 'template<class _Key, class _Tp, class _Hash, class _Pred, class _Alloc> void std::swap(std::unordered_map<_Key1, _Tp1, _Hash1, _Pred1, _Alloc1>&, std::unordered_map<_Key1, _Tp1, _Hash1, _Pred1, _Alloc1>&)'
 2076 |     swap(unordered_map<_Key, _Tp, _Hash, _Pred, _Alloc>& __x,
      |     ^~~~
/usr/local/include/c++/10.3.0/bits/unordered_map.h:2076:5: note:   template argument deduction/substitution failed:
In file included from containers.h:5,
                 from vector_test.cc:6:
vector.h:78:21: note:   'containers::Vector<int>' is not derived from 'std::unordered_map<_Key1, _Tp1, _Hash1, _Pred1, _Alloc1>'
   78 |                 swap(new_vector);
      |                 ~~~~^~~~~~~~~~~~
In file included from /usr/local/include/c++/10.3.0/unordered_map:47,
                 from /usr/local/include/c++/10.3.0/functional:61,
                 from /usr/local/include/gtest/gtest-printers.h:104,
                 from /usr/local/include/gtest/gtest-matchers.h:48,
                 from /usr/local/include/gtest/internal/gtest-death-test-internal.h:42,
                 from /usr/local/include/gtest/gtest-death-test.h:43,
                 from /usr/local/include/gtest/gtest.h:60,
                 from vector_test.cc:1:
/usr/local/include/c++/10.3.0/bits/unordered_map.h:2083:5: note: candidate: 'template<class _Key, class _Tp, class _Hash, class _Pred, class _Alloc> void std::swap(std::unordered_multimap<_Key1, _Tp1, _Hash1, _Pred1, _Alloc1>&, std::unordered_multimap<_Key1, _Tp1, _Hash1, _Pred1, _Alloc1>&)'
 2083 |     swap(unordered_multimap<_Key, _Tp, _Hash, _Pred, _Alloc>& __x,
      |     ^~~~
/usr/local/include/c++/10.3.0/bits/unordered_map.h:2083:5: note:   template argument deduction/substitution failed:
In file included from containers.h:5,
                 from vector_test.cc:6:
vector.h:78:21: note:   'containers::Vector<int>' is not derived from 'std::unordered_multimap<_Key1, _Tp1, _Hash1, _Pred1, _Alloc1>'
   78 |                 swap(new_vector);
      |                 ~~~~^~~~~~~~~~~~
In file included from /usr/local/include/c++/10.3.0/map:60,
                 from /usr/local/include/gtest/internal/gtest-internal.h:61,
                 from /usr/local/include/gtest/gtest-printers.h:114,
                 from /usr/local/include/gtest/gtest-matchers.h:48,
                 from /usr/local/include/gtest/internal/gtest-death-test-internal.h:42,
                 from /usr/local/include/gtest/gtest-death-test.h:43,
                 from /usr/local/include/gtest/gtest.h:60,
                 from vector_test.cc:1:
/usr/local/include/c++/10.3.0/bits/stl_tree.h:1655:5: note: candidate: 'template<class _Key, class _Val, class _KeyOfValue, class _Compare, class _Alloc> void std::swap(std::_Rb_tree<_Key, _Val, _KeyOfValue, _Compare, _Alloc>&, std::_Rb_tree<_Key, _Val, _KeyOfValue, _Compare, _Alloc>&)'
 1655 |     swap(_Rb_tree<_Key, _Val, _KeyOfValue, _Compare, _Alloc>& __x,
      |     ^~~~
/usr/local/include/c++/10.3.0/bits/stl_tree.h:1655:5: note:   template argument deduction/substitution failed:
In file included from containers.h:5,
                 from vector_test.cc:6:
vector.h:78:21: note:   'containers::Vector<int>' is not derived from 'std::_Rb_tree<_Key, _Val, _KeyOfValue, _Compare, _Alloc>'
   78 |                 swap(new_vector);
      |                 ~~~~^~~~~~~~~~~~
In file included from /usr/local/include/c++/10.3.0/map:61,
                 from /usr/local/include/gtest/internal/gtest-internal.h:61,
                 from /usr/local/include/gtest/gtest-printers.h:114,
                 from /usr/local/include/gtest/gtest-matchers.h:48,
                 from /usr/local/include/gtest/internal/gtest-death-test-internal.h:42,
                 from /usr/local/include/gtest/gtest-death-test.h:43,
                 from /usr/local/include/gtest/gtest.h:60,
                 from vector_test.cc:1:
/usr/local/include/c++/10.3.0/bits/stl_map.h:1537:5: note: candidate: 'template<class _Key, class _Tp, class _Compare, class _Alloc> void std::swap(std::map<_Key, _Tp, _Compare, _Allocator>&, std::map<_Key, _Tp, _Compare, _Allocator>&)'
 1537 |     swap(map<_Key, _Tp, _Compare, _Alloc>& __x,
      |     ^~~~
/usr/local/include/c++/10.3.0/bits/stl_map.h:1537:5: note:   template argument deduction/substitution failed:
In file included from containers.h:5,
                 from vector_test.cc:6:
vector.h:78:21: note:   'containers::Vector<int>' is not derived from 'std::map<_Key, _Tp, _Compare, _Allocator>'
   78 |                 swap(new_vector);
      |                 ~~~~^~~~~~~~~~~~
In file included from /usr/local/include/c++/10.3.0/map:62,
                 from /usr/local/include/gtest/internal/gtest-internal.h:61,
                 from /usr/local/include/gtest/gtest-printers.h:114,
                 from /usr/local/include/gtest/gtest-matchers.h:48,
                 from /usr/local/include/gtest/internal/gtest-death-test-internal.h:42,
                 from /usr/local/include/gtest/gtest-death-test.h:43,
                 from /usr/local/include/gtest/gtest.h:60,
                 from vector_test.cc:1:
/usr/local/include/c++/10.3.0/bits/stl_multimap.h:1202:5: note: candidate: 'template<class _Key, class _Tp, class _Compare, class _Alloc> void std::swap(std::multimap<_Key, _Tp, _Compare, _Allocator>&, std::multimap<_Key, _Tp, _Compare, _Allocator>&)'
 1202 |     swap(multimap<_Key, _Tp, _Compare, _Alloc>& __x,
      |     ^~~~
/usr/local/include/c++/10.3.0/bits/stl_multimap.h:1202:5: note:   template argument deduction/substitution failed:
In file included from containers.h:5,
                 from vector_test.cc:6:
vector.h:78:21: note:   'containers::Vector<int>' is not derived from 'std::multimap<_Key, _Tp, _Compare, _Allocator>'
   78 |                 swap(new_vector);
      |                 ~~~~^~~~~~~~~~~~
In file included from /usr/local/include/c++/10.3.0/set:61,
                 from /usr/local/include/gtest/internal/gtest-internal.h:62,
                 from /usr/local/include/gtest/gtest-printers.h:114,
                 from /usr/local/include/gtest/gtest-matchers.h:48,
                 from /usr/local/include/gtest/internal/gtest-death-test-internal.h:42,
                 from /usr/local/include/gtest/gtest-death-test.h:43,
                 from /usr/local/include/gtest/gtest.h:60,
                 from vector_test.cc:1:
/usr/local/include/c++/10.3.0/bits/stl_set.h:1059:5: note: candidate: 'template<class _Key, class _Compare, class _Alloc> void std::swap(std::set<_Key, _Compare, _Allocator>&, std::set<_Key, _Compare, _Allocator>&)'
 1059 |     swap(set<_Key, _Compare, _Alloc>& __x, set<_Key, _Compare, _Alloc>& __y)
      |     ^~~~
/usr/local/include/c++/10.3.0/bits/stl_set.h:1059:5: note:   template argument deduction/substitution failed:
In file included from containers.h:5,
                 from vector_test.cc:6:
vector.h:78:21: note:   'containers::Vector<int>' is not derived from 'std::set<_Key, _Compare, _Allocator>'
   78 |                 swap(new_vector);
      |                 ~~~~^~~~~~~~~~~~
In file included from /usr/local/include/c++/10.3.0/set:62,
                 from /usr/local/include/gtest/internal/gtest-internal.h:62,
                 from /usr/local/include/gtest/gtest-printers.h:114,
                 from /usr/local/include/gtest/gtest-matchers.h:48,
                 from /usr/local/include/gtest/internal/gtest-death-test-internal.h:42,
                 from /usr/local/include/gtest/gtest-death-test.h:43,
                 from /usr/local/include/gtest/gtest.h:60,
                 from vector_test.cc:1:
/usr/local/include/c++/10.3.0/bits/stl_multiset.h:1045:5: note: candidate: 'template<class _Key, class _Compare, class _Alloc> void std::swap(std::multiset<_Key, _Compare, _Allocator>&, std::multiset<_Key, _Compare, _Allocator>&)'
 1045 |     swap(multiset<_Key, _Compare, _Alloc>& __x,
      |     ^~~~
/usr/local/include/c++/10.3.0/bits/stl_multiset.h:1045:5: note:   template argument deduction/substitution failed:
In file included from containers.h:5,
                 from vector_test.cc:6:
vector.h:78:21: note:   'containers::Vector<int>' is not derived from 'std::multiset<_Key, _Compare, _Allocator>'
   78 |                 swap(new_vector);
      |                 ~~~~^~~~~~~~~~~~
vector.h: In instantiation of 'void containers::Vector<T, Allocator>::reserve(containers::Vector<T, Allocator>::size_type) [with T = std::__cxx11::basic_string<char>; Allocator = std::allocator<std::__cxx11::basic_string<char> >; containers::Vector<T, Allocator>::size_type = long unsigned int]':
vector.h:47:13:   required from 'containers::Vector<T, Allocator>::Vector(const containers::Vector<T, Allocator>&) [with T = std::__cxx11::basic_string<char>; Allocator = std::allocator<std::__cxx11::basic_string<char> >]'
vector_test.cc:77:39:   required from here
vector.h:187:25: error: invalid use of member function 'containers::Vector<T, Allocator>::size_type containers::Vector<T, Allocator>::capacity() const [with T = std::__cxx11::basic_string<char>; Allocator = std::allocator<std::__cxx11::basic_string<char> >; containers::Vector<T, Allocator>::size_type = long unsigned int]' (did you forget the '()' ?)
  187 |             if (size <= capacity) {
      |                         ^~~~~~~~
      |                                 ()
vector.h:197:32: error: no matching function for call to 'std::allocator_traits<std::allocator<std::__cxx11::basic_string<char> > >::destroy(containers::Vector<std::__cxx11::basic_string<char> >::iterator, containers::Vector<std::__cxx11::basic_string<char> >::iterator)'
  197 |                 traits::destroy(begin(), end());
      |                 ~~~~~~~~~~~~~~~^~~~~~~~~~~~~~~~
In file included from /usr/local/include/c++/10.3.0/ext/alloc_traits.h:34,
                 from /usr/local/include/c++/10.3.0/bits/stl_uninitialized.h:67,
                 from /usr/local/include/c++/10.3.0/memory:66,
                 from /usr/local/include/gtest/gtest.h:54,
                 from vector_test.cc:1:
/usr/local/include/c++/10.3.0/bits/alloc_traits.h:527:2: note: candidate: 'template<class _Up> static void std::allocator_traits<std::allocator<_Tp1> >::destroy(std::allocator_traits<std::allocator<_Tp1> >::allocator_type&, _Up*) [with _Up = _Up; _Tp = std::__cxx11::basic_string<char>]'
  527 |  destroy(allocator_type& __a __attribute__((__unused__)), _Up* __p)
      |  ^~~~~~~
/usr/local/include/c++/10.3.0/bits/alloc_traits.h:527:2: note:   template argument deduction/substitution failed:
In file included from containers.h:5,
                 from vector_test.cc:6:
vector.h:197:32: note:   mismatched types '_Up*' and 'containers::Iterator<std::__cxx11::basic_string<char>, false>'
  197 |                 traits::destroy(begin(), end());
      |                 ~~~~~~~~~~~~~~~^~~~~~~~~~~~~~~~
vector.h:203:32: error: no matching function for call to 'std::allocator_traits<std::allocator<std::__cxx11::basic_string<char> > >::destroy(std::__cxx11::basic_string<char>*&, containers::Vector<std::__cxx11::basic_string<char> >::pointer)'
  203 |                 traits::destroy(new_data, new_data + size);
      |                 ~~~~~~~~~~~~~~~^~~~~~~~~~~~~~~~~~~~~~~~~~~
In file included from /usr/local/include/c++/10.3.0/ext/alloc_traits.h:34,
                 from /usr/local/include/c++/10.3.0/bits/stl_uninitialized.h:67,
                 from /usr/local/include/c++/10.3.0/memory:66,
                 from /usr/local/include/gtest/gtest.h:54,
                 from vector_test.cc:1:
/usr/local/include/c++/10.3.0/bits/alloc_traits.h:527:2: note: candidate: 'template<class _Up> static void std::allocator_traits<std::allocator<_Tp1> >::destroy(std::allocator_traits<std::allocator<_Tp1> >::allocator_type&, _Up*) [with _Up = _Up; _Tp = std::__cxx11::basic_string<char>]'
  527 |  destroy(allocator_type& __a __attribute__((__unused__)), _Up* __p)
      |  ^~~~~~~
/usr/local/include/c++/10.3.0/bits/alloc_traits.h:527:2: note:   template argument deduction/substitution failed:
In file included from containers.h:5,
                 from vector_test.cc:6:
vector.h:203:33: note:   cannot convert 'new_data' (type 'containers::Vector<std::__cxx11::basic_string<char> >::pointer' {aka 'std::__cxx11::basic_string<char>*'}) to type 'std::allocator_traits<std::allocator<std::__cxx11::basic_string<char> > >::allocator_type&' {aka 'std::allocator<std::__cxx11::basic_string<char> >&'}
  203 |                 traits::destroy(new_data, new_data + size);
      |                                 ^~~~~~~~
In file included from /usr/local/include/c++/10.3.0/memory:66,
                 from /usr/local/include/gtest/gtest.h:54,
                 from vector_test.cc:1:
/usr/local/include/c++/10.3.0/bits/stl_uninitialized.h: In instantiation of '_ForwardIterator std::uninitialized_copy(_InputIterator, _InputIterator, _ForwardIterator) [with _InputIterator = containers::Iterator<int, false>; _ForwardIterator = int*]':
vector.h:253:60:   required from 'containers::Vector<T, Allocator>::iterator containers::Vector<T, Allocator>::insert(containers::Vector<T, Allocator>::iterator, containers::Vector<T, Allocator>::const_reference) [with T = int; Allocator = std::allocator<int>; containers::Vector<T, Allocator>::iterator = containers::Iterator<int, false>; containers::Vector<T, Allocator>::const_reference = const int&]'
vector_test.cc:123:19:   required from here
/usr/local/include/c++/10.3.0/bits/stl_uninitialized.h:129:2: error: no type named 'value_type' in 'struct std::iterator_traits<containers::Iterator<int, false> >'
  129 |  _ValueType1;
      |  ^~~~~~~~~~~
/usr/local/include/c++/10.3.0/bits/stl_uninitialized.h:140:67: error: no type named 'reference' in 'struct std::iterator_traits<containers::Iterator<int, false> >'
  140 |       typedef typename iterator_traits<_InputIterator>::reference _RefType1;
      |                                                                   ^~~~~~~~~
/usr/local/include/c++/10.3.0/bits/stl_uninitialized.h:144:70: error: no type named 'reference' in 'struct std::iterator_traits<containers::Iterator<int, false> >'
  144 |       const bool __assignable = is_assignable<_RefType2, _RefType1>::value;
      |                                                                      ^~~~~
/usr/local/include/c++/10.3.0/bits/stl_uninitialized.h:147:40: error: no type named 'value_type' in 'struct std::iterator_traits<containers::Iterator<int, false> >'
  147 |       return std::__uninitialized_copy<__is_trivial(_ValueType1)
      |                                        ^~~~~~~~~~~~~~~~~~~~~~~~~
/usr/local/include/c++/10.3.0/bits/stl_uninitialized.h: In instantiation of '_ForwardIterator std::uninitialized_copy(_InputIterator, _InputIterator, _ForwardIterator) [with _InputIterator = containers::Iterator<std::__cxx11::basic_string<char>, false>; _ForwardIterator = std::__cxx11::basic_string<char>*]':
vector.h:253:60:   required from 'containers::Vector<T, Allocator>::iterator containers::Vector<T, Allocator>::insert(containers::Vector<T, Allocator>::iterator, containers::Vector<T, Allocator>::const_reference) [with T = std::__cxx11::basic_string<char>; Allocator = std::allocator<std::__cxx11::basic_string<char> >; containers::Vector<T, Allocator>::iterator = containers::Iterator<std::__cxx11::basic_string<char>, false>; containers::Vector<T, Allocator>::const_reference = const std::__cxx11::basic_string<char>&]'
vector_test.cc:230:19:   required from here
/usr/local/include/c++/10.3.0/bits/stl_uninitialized.h:129:2: error: no type named 'value_type' in 'struct std::iterator_traits<containers::Iterator<std::__cxx11::basic_string<char>, false> >'
  129 |  _ValueType1;
      |  ^~~~~~~~~~~
/usr/local/include/c++/10.3.0/bits/stl_uninitialized.h:140:67: error: no type named 'reference' in 'struct std::iterator_traits<containers::Iterator<std::__cxx11::basic_string<char>, false> >'
  140 |       typedef typename iterator_traits<_InputIterator>::reference _RefType1;
      |                                                                   ^~~~~~~~~
/usr/local/include/c++/10.3.0/bits/stl_uninitialized.h:144:70: error: no type named 'reference' in 'struct std::iterator_traits<containers::Iterator<std::__cxx11::basic_string<char>, false> >'
  144 |       const bool __assignable = is_assignable<_RefType2, _RefType1>::value;
      |                                                                      ^~~~~
/usr/local/include/c++/10.3.0/bits/stl_uninitialized.h:147:40: error: no type named 'value_type' in 'struct std::iterator_traits<containers::Iterator<std::__cxx11::basic_string<char>, false> >'
  147 |       return std::__uninitialized_copy<__is_trivial(_ValueType1)
      |                                        ^~~~~~~~~~~~~~~~~~~~~~~~~
/usr/local/include/c++/10.3.0/bits/stl_uninitialized.h: In instantiation of '_ForwardIterator std::uninitialized_copy(_InputIterator, _InputIterator, _ForwardIterator) [with _InputIterator = containers::Iterator<char, false>; _ForwardIterator = char*]':
vector.h:253:60:   required from 'containers::Vector<T, Allocator>::iterator containers::Vector<T, Allocator>::insert(containers::Vector<T, Allocator>::iterator, containers::Vector<T, Allocator>::const_reference) [with T = char; Allocator = std::allocator<char>; containers::Vector<T, Allocator>::iterator = containers::Iterator<char, false>; containers::Vector<T, Allocator>::const_reference = const char&]'
vector_test.cc:248:19:   required from here
/usr/local/include/c++/10.3.0/bits/stl_uninitialized.h:129:2: error: no type named 'value_type' in 'struct std::iterator_traits<containers::Iterator<char, false> >'
  129 |  _ValueType1;
      |  ^~~~~~~~~~~
/usr/local/include/c++/10.3.0/bits/stl_uninitialized.h:140:67: error: no type named 'reference' in 'struct std::iterator_traits<containers::Iterator<char, false> >'
  140 |       typedef typename iterator_traits<_InputIterator>::reference _RefType1;
      |                                                                   ^~~~~~~~~
/usr/local/include/c++/10.3.0/bits/stl_uninitialized.h:144:70: error: no type named 'reference' in 'struct std::iterator_traits<containers::Iterator<char, false> >'
  144 |       const bool __assignable = is_assignable<_RefType2, _RefType1>::value;
      |                                                                      ^~~~~
/usr/local/include/c++/10.3.0/bits/stl_uninitialized.h:147:40: error: no type named 'value_type' in 'struct std::iterator_traits<containers::Iterator<char, false> >'
  147 |       return std::__uninitialized_copy<__is_trivial(_ValueType1)
      |                                        ^~~~~~~~~~~~~~~~~~~~~~~~~
In file included from containers.h:5,
                 from vector_test.cc:6:
vector.h: In member function 'containers::Vector<T, Allocator>::iterator containers::Vector<T, Allocator>::insert(containers::Vector<T, Allocator>::iterator, containers::Vector<T, Allocator>::const_reference) [with T = int; Allocator = std::allocator<int>]':
vector.h:268:9: warning: control reaches end of non-void function [-Wreturn-type]
  268 |         };
      |         ^
vector.h: In member function 'containers::Vector<T, Allocator>::iterator containers::Vector<T, Allocator>::insert(containers::Vector<T, Allocator>::iterator, containers::Vector<T, Allocator>::const_reference) [with T = std::__cxx11::basic_string<char>; Allocator = std::allocator<std::__cxx11::basic_string<char> >]':
vector.h:268:9: warning: control reaches end of non-void function [-Wreturn-type]
  268 |         };
      |         ^
vector.h: In member function 'containers::Vector<T, Allocator>::iterator containers::Vector<T, Allocator>::insert(containers::Vector<T, Allocator>::iterator, containers::Vector<T, Allocator>::const_reference) [with T = char; Allocator = std::allocator<char>]':
vector.h:268:9: warning: control reaches end of non-void function [-Wreturn-type]
  268 |         };
      |         ^
